<?xml version="1.0" encoding="UTF-8"?>
<!-- Generated by org.testng.reporters.JUnitReportReporter -->
<testsuite name="com.course.cases.GetUserListTest" tests="1" time="0.000" ignored="0" failures="0" timestamp="13 Jun 2021 04:53:11 GMT" skipped="1" hostname="LAPTOP-LMMPH4VI" errors="0">
  <testcase name="getUserList" time="0.000" classname="com.course.cases.GetUserListTest">
    <skipped/>
  </testcase> <!-- getUserList -->
</testsuite> <!-- com.course.cases.GetUserListTest -->
