<?xml version="1.0" encoding="UTF-8"?>
<!-- Generated by org.testng.reporters.JUnitReportReporter -->
<testsuite name="com.course.cases.LoginTest" tests="2" time="0.555" ignored="0" failures="0" timestamp="13 Jun 2021 02:40:22 GMT" skipped="0" hostname="LAPTOP-LMMPH4VI" errors="0">
  <testcase name="loginFalse" time="0.538" classname="com.course.cases.LoginTest"/>
  <testcase name="loginTrue" time="0.017" classname="com.course.cases.LoginTest"/>
</testsuite> <!-- com.course.cases.LoginTest -->
