<?xml version="1.0" encoding="UTF-8"?>
<!-- Generated by org.testng.reporters.JUnitReportReporter -->
<testsuite name="com.course.cases.UpdateUserInfoTest" tests="2" time="0.050" ignored="0" failures="0" timestamp="13 Jun 2021 02:40:22 GMT" skipped="0" hostname="LAPTOP-LMMPH4VI" errors="0">
  <testcase name="deleteUserInfo" time="0.021" classname="com.course.cases.UpdateUserInfoTest"/>
  <testcase name="updateUserInfo" time="0.029" classname="com.course.cases.UpdateUserInfoTest"/>
</testsuite> <!-- com.course.cases.UpdateUserInfoTest -->
