<?xml version="1.0" encoding="UTF-8"?>
<!-- Generated by org.testng.reporters.JUnitReportReporter -->
<testsuite name="com.course.cases.GetUserInfoTest" tests="1" time="0.065" ignored="0" failures="0" timestamp="13 Jun 2021 01:44:01 GMT" skipped="0" hostname="LAPTOP-LMMPH4VI" errors="0">
  <testcase name="getUserInfo" time="0.065" classname="com.course.cases.GetUserInfoTest"/>
</testsuite> <!-- com.course.cases.GetUserInfoTest -->
