<?xml version="1.0" encoding="UTF-8"?>
<!-- Generated by org.testng.reporters.JUnitReportReporter -->
<testsuite name="com.course.cases.UpdateUserInfoTest" tests="2" time="0.000" ignored="0" failures="0" timestamp="13 Jun 2021 05:30:58 GMT" skipped="2" hostname="LAPTOP-LMMPH4VI" errors="0">
  <testcase name="updateUserInfo" time="0.000" classname="com.course.cases.UpdateUserInfoTest">
    <skipped/>
  </testcase> <!-- updateUserInfo -->
  <testcase name="deleteUserInfo" time="0.000" classname="com.course.cases.UpdateUserInfoTest">
    <skipped/>
  </testcase> <!-- deleteUserInfo -->
</testsuite> <!-- com.course.cases.UpdateUserInfoTest -->
