<?xml version="1.0" encoding="UTF-8"?>
<!-- Generated by org.testng.reporters.JUnitReportReporter -->
<testsuite name="com.course.cases.UpdateUserInfoTest" tests="2" time="0.052" ignored="0" failures="0" timestamp="11 六月 2021 14:04:45 GMT" skipped="0" hostname="LAPTOP-LMMPH4VI" errors="0">
  <testcase name="updateUserInfo" time="0.027" classname="com.course.cases.UpdateUserInfoTest"/>
  <testcase name="deleteUserInfo" time="0.025" classname="com.course.cases.UpdateUserInfoTest"/>
</testsuite> <!-- com.course.cases.UpdateUserInfoTest -->
