<?xml version="1.0" encoding="UTF-8"?>
<!-- Generated by org.testng.reporters.JUnitReportReporter -->
<testsuite name="com.course.cases.GetUserListTest" tests="1" time="0.076" ignored="0" failures="0" timestamp="11 六月 2021 14:04:45 GMT" skipped="0" hostname="LAPTOP-LMMPH4VI" errors="0">
  <testcase name="getUserList" time="0.076" classname="com.course.cases.GetUserListTest"/>
</testsuite> <!-- com.course.cases.GetUserListTest -->
