<?xml version="1.0" encoding="UTF-8"?>
<!-- Generated by org.testng.reporters.JUnitReportReporter -->
<testsuite name="com.course.cases.AddUserTest" tests="1" time="0.065" ignored="0" failures="0" timestamp="11 六月 2021 14:04:45 GMT" skipped="0" hostname="LAPTOP-LMMPH4VI" errors="0">
  <testcase name="addUser" time="0.065" classname="com.course.cases.AddUserTest"/>
</testsuite> <!-- com.course.cases.AddUserTest -->
