<?xml version="1.0" encoding="UTF-8"?>
<!-- Generated by org.testng.reporters.JUnitReportReporter -->
<testsuite name="com.course.cases.LoginTest" tests="2" time="0.403" ignored="0" failures="0" timestamp="11 六月 2021 14:04:45 GMT" skipped="0" hostname="LAPTOP-LMMPH4VI" errors="0">
  <testcase name="loginTrue" time="0.378" classname="com.course.cases.LoginTest"/>
  <testcase name="loginFalse" time="0.025" classname="com.course.cases.LoginTest"/>
</testsuite> <!-- com.course.cases.LoginTest -->
