<?xml version="1.0" encoding="UTF-8" ?>
<testsuite tests="7" failures="1" name="TestSuite" time="2.428" errors="0" skipped="0">
  <properties>
    <property name="java.runtime.name" value="Java(TM) SE Runtime Environment"/>
    <property name="sun.boot.library.path" value="D:\D1\java\jdk\jdk1.8.0_45\jre\bin"/>
    <property name="java.vm.version" value="25.45-b02"/>
    <property name="java.vm.vendor" value="Oracle Corporation"/>
    <property name="java.vendor.url" value="http://java.oracle.com/"/>
    <property name="path.separator" value=";"/>
    <property name="java.vm.name" value="Java HotSpot(TM) 64-Bit Server VM"/>
    <property name="file.encoding.pkg" value="sun.io"/>
    <property name="user.script" value=""/>
    <property name="user.country" value="CN"/>
    <property name="sun.java.launcher" value="SUN_STANDARD"/>
    <property name="sun.os.patch.level" value=""/>
    <property name="java.vm.specification.name" value="Java Virtual Machine Specification"/>
    <property name="user.dir" value="C:\Users\darli\.ssh\workspace\muke\AutoTest\Chapter12"/>
    <property name="java.runtime.version" value="1.8.0_45-b14"/>
    <property name="java.awt.graphicsenv" value="sun.awt.Win32GraphicsEnvironment"/>
    <property name="basedir" value="C:\Users\darli\.ssh\workspace\muke\AutoTest\Chapter12"/>
    <property name="java.endorsed.dirs" value="D:\D1\java\jdk\jdk1.8.0_45\jre\lib\endorsed"/>
    <property name="os.arch" value="amd64"/>
    <property name="surefire.real.class.path" value="C:\Users\darli\.ssh\workspace\muke\AutoTest\Chapter12\target\surefire\surefirebooter180161326942403506.jar"/>
    <property name="java.io.tmpdir" value="C:\Users\darli\AppData\Local\Temp\"/>
    <property name="line.separator" value="
"/>
    <property name="java.vm.specification.vendor" value="Oracle Corporation"/>
    <property name="user.variant" value=""/>
    <property name="os.name" value="Windows 8.1"/>
    <property name="sun.jnu.encoding" value="GBK"/>
    <property name="java.library.path" value="D:\D1\java\jdk\jdk1.8.0_45\jre\bin;C:\WINDOWS\Sun\Java\bin;C:\WINDOWS\system32;C:\WINDOWS;D:\D1\tools\git\Git\mingw64\bin;D:\D1\tools\git\Git\usr\bin;C:\Users\darli\bin;D:\linux\LinuxOS\bin;D:\D1\java\apache-tomcat-8.5.37\bin;D:\D1\java\jdk\jdk1.8.0_45\bin;D:\D1\java\jdk\jdk1.8.0_45\jre\bin;C:\ProgramData\Oracle\Java\javapath;C:\Windows\system32;C:\Windows;C:\Windows\System32\Wbem;C:\Windows\System32\WindowsPowerShell\v1.0;C:\Windows\System32\OpenSSH;C:\Program Files\NVIDIA Corporation\NVIDIA NvDLISR;D:\D1\IDEs\SublimeTextBuild\Sublime Text 3;D:\D1\java\maven\apache-maven-3.6.3\bin;D:\D1\java\mysql-8.0.23-winx64\bin;D:\D1\tools\git\Git\cmd;C:\WINDOWS\system32;C:\WINDOWS;C:\WINDOWS\System32\Wbem;C:\WINDOWS\System32\WindowsPowerShell\v1.0;C:\WINDOWS\System32\OpenSSH;D:\D1\java\xshell_xftp\Xshell;D:\D1\java\xshell_xftp\Xftp;C:\Users\darli\AppData\Local\Microsoft\WindowsApps;D:\D1\IDEs\VSCode\Microsoft VS Code\bin;."/>
    <property name="surefire.test.class.path" value="C:\Users\darli\.ssh\workspace\muke\AutoTest\Chapter12\target\test-classes;C:\Users\darli\.ssh\workspace\muke\AutoTest\Chapter12\target\classes;D:\D1\java\maven\repo\org\testng\testng\6.10\testng-6.10.jar;D:\D1\java\maven\repo\com\beust\jcommander\1.48\jcommander-1.48.jar;D:\D1\java\maven\repo\com\alibaba\fastjson\1.2.70\fastjson-1.2.70.jar;D:\D1\java\maven\repo\com\aventstack\extentreports\3.0.6\extentreports-3.0.6.jar;D:\D1\java\maven\repo\org\freemarker\freemarker\2.3.27-incubating\freemarker-2.3.27-incubating.jar;D:\D1\java\maven\repo\org\mongodb\mongodb-driver\3.6.3\mongodb-driver-3.6.3.jar;D:\D1\java\maven\repo\org\mongodb\bson\3.6.3\bson-3.6.3.jar;D:\D1\java\maven\repo\org\mongodb\mongodb-driver-core\3.6.3\mongodb-driver-core-3.6.3.jar;D:\D1\java\maven\repo\org\apache\httpcomponents\httpmime\4.5.5\httpmime-4.5.5.jar;D:\D1\java\maven\repo\org\jsoup\jsoup\1.9.2\jsoup-1.9.2.jar;D:\D1\java\maven\repo\com\relevantcodes\extentreports\2.41.1\extentreports-2.41.1.jar;D:\D1\java\maven\repo\org\xerial\sqlite-jdbc\3.21.0.1\sqlite-jdbc-3.21.0.1.jar;D:\D1\java\maven\repo\com\vimalselvam\testng-extentsreport\1.3.1\testng-extentsreport-1.3.1.jar;D:\D1\java\maven\repo\com\google\guava\guava\20.0\guava-20.0.jar;D:\D1\java\maven\repo\mysql\mysql-connector-java\8.0.12\mysql-connector-java-8.0.12.jar;D:\D1\java\maven\repo\com\google\protobuf\protobuf-java\2.6.0\protobuf-java-2.6.0.jar;D:\D1\java\maven\repo\org\mybatis\mybatis\3.4.4\mybatis-3.4.4.jar;D:\D1\java\maven\repo\org\projectlombok\lombok\1.16.14\lombok-1.16.14.jar;D:\D1\java\maven\repo\org\apache\httpcomponents\httpclient\4.5.2\httpclient-4.5.2.jar;D:\D1\java\maven\repo\org\apache\httpcomponents\httpcore\4.4.9\httpcore-4.4.9.jar;D:\D1\java\maven\repo\commons-codec\commons-codec\1.11\commons-codec-1.11.jar;D:\D1\java\maven\repo\org\springframework\boot\spring-boot-starter-web\2.0.0.RELEASE\spring-boot-starter-web-2.0.0.RELEASE.jar;D:\D1\java\maven\repo\org\springframework\boot\spring-boot-starter\2.0.0.RELEASE\spring-boot-starter-2.0.0.RELEASE.jar;D:\D1\java\maven\repo\org\springframework\boot\spring-boot\2.0.0.RELEASE\spring-boot-2.0.0.RELEASE.jar;D:\D1\java\maven\repo\org\springframework\boot\spring-boot-autoconfigure\2.0.0.RELEASE\spring-boot-autoconfigure-2.0.0.RELEASE.jar;D:\D1\java\maven\repo\org\springframework\boot\spring-boot-starter-logging\2.0.0.RELEASE\spring-boot-starter-logging-2.0.0.RELEASE.jar;D:\D1\java\maven\repo\ch\qos\logback\logback-classic\1.2.3\logback-classic-1.2.3.jar;D:\D1\java\maven\repo\ch\qos\logback\logback-core\1.2.3\logback-core-1.2.3.jar;D:\D1\java\maven\repo\org\apache\logging\log4j\log4j-to-slf4j\2.10.0\log4j-to-slf4j-2.10.0.jar;D:\D1\java\maven\repo\org\apache\logging\log4j\log4j-api\2.10.0\log4j-api-2.10.0.jar;D:\D1\java\maven\repo\org\slf4j\jul-to-slf4j\1.7.25\jul-to-slf4j-1.7.25.jar;D:\D1\java\maven\repo\javax\annotation\javax.annotation-api\1.3.2\javax.annotation-api-1.3.2.jar;D:\D1\java\maven\repo\org\springframework\spring-core\5.0.4.RELEASE\spring-core-5.0.4.RELEASE.jar;D:\D1\java\maven\repo\org\springframework\spring-jcl\5.0.4.RELEASE\spring-jcl-5.0.4.RELEASE.jar;D:\D1\java\maven\repo\org\yaml\snakeyaml\1.19\snakeyaml-1.19.jar;D:\D1\java\maven\repo\org\springframework\boot\spring-boot-starter-json\2.0.0.RELEASE\spring-boot-starter-json-2.0.0.RELEASE.jar;D:\D1\java\maven\repo\com\fasterxml\jackson\core\jackson-databind\2.9.4\jackson-databind-2.9.4.jar;D:\D1\java\maven\repo\com\fasterxml\jackson\core\jackson-annotations\2.9.0\jackson-annotations-2.9.0.jar;D:\D1\java\maven\repo\com\fasterxml\jackson\core\jackson-core\2.9.4\jackson-core-2.9.4.jar;D:\D1\java\maven\repo\com\fasterxml\jackson\datatype\jackson-datatype-jdk8\2.9.4\jackson-datatype-jdk8-2.9.4.jar;D:\D1\java\maven\repo\com\fasterxml\jackson\datatype\jackson-datatype-jsr310\2.9.4\jackson-datatype-jsr310-2.9.4.jar;D:\D1\java\maven\repo\com\fasterxml\jackson\module\jackson-module-parameter-names\2.9.4\jackson-module-parameter-names-2.9.4.jar;D:\D1\java\maven\repo\org\springframework\boot\spring-boot-starter-tomcat\2.0.0.RELEASE\spring-boot-starter-tomcat-2.0.0.RELEASE.jar;D:\D1\java\maven\repo\org\apache\tomcat\embed\tomcat-embed-core\8.5.28\tomcat-embed-core-8.5.28.jar;D:\D1\java\maven\repo\org\apache\tomcat\embed\tomcat-embed-el\8.5.28\tomcat-embed-el-8.5.28.jar;D:\D1\java\maven\repo\org\apache\tomcat\embed\tomcat-embed-websocket\8.5.28\tomcat-embed-websocket-8.5.28.jar;D:\D1\java\maven\repo\org\hibernate\validator\hibernate-validator\6.0.7.Final\hibernate-validator-6.0.7.Final.jar;D:\D1\java\maven\repo\javax\validation\validation-api\2.0.1.Final\validation-api-2.0.1.Final.jar;D:\D1\java\maven\repo\org\jboss\logging\jboss-logging\3.3.2.Final\jboss-logging-3.3.2.Final.jar;D:\D1\java\maven\repo\com\fasterxml\classmate\1.3.4\classmate-1.3.4.jar;D:\D1\java\maven\repo\org\springframework\spring-web\5.0.4.RELEASE\spring-web-5.0.4.RELEASE.jar;D:\D1\java\maven\repo\org\springframework\spring-beans\5.0.4.RELEASE\spring-beans-5.0.4.RELEASE.jar;D:\D1\java\maven\repo\org\springframework\spring-webmvc\5.0.4.RELEASE\spring-webmvc-5.0.4.RELEASE.jar;D:\D1\java\maven\repo\org\springframework\spring-aop\5.0.4.RELEASE\spring-aop-5.0.4.RELEASE.jar;D:\D1\java\maven\repo\org\springframework\spring-context\5.0.4.RELEASE\spring-context-5.0.4.RELEASE.jar;D:\D1\java\maven\repo\org\springframework\spring-expression\5.0.4.RELEASE\spring-expression-5.0.4.RELEASE.jar;D:\D1\java\maven\repo\org\mybatis\spring\boot\mybatis-spring-boot-starter\1.3.0\mybatis-spring-boot-starter-1.3.0.jar;D:\D1\java\maven\repo\org\springframework\boot\spring-boot-starter-jdbc\2.0.0.RELEASE\spring-boot-starter-jdbc-2.0.0.RELEASE.jar;D:\D1\java\maven\repo\com\zaxxer\HikariCP\2.7.8\HikariCP-2.7.8.jar;D:\D1\java\maven\repo\org\slf4j\slf4j-api\1.7.25\slf4j-api-1.7.25.jar;D:\D1\java\maven\repo\org\springframework\spring-jdbc\5.0.4.RELEASE\spring-jdbc-5.0.4.RELEASE.jar;D:\D1\java\maven\repo\org\springframework\spring-tx\5.0.4.RELEASE\spring-tx-5.0.4.RELEASE.jar;D:\D1\java\maven\repo\org\mybatis\spring\boot\mybatis-spring-boot-autoconfigure\1.3.0\mybatis-spring-boot-autoconfigure-1.3.0.jar;D:\D1\java\maven\repo\org\mybatis\mybatis-spring\1.3.1\mybatis-spring-1.3.1.jar;D:\D1\java\maven\repo\org\apache\maven\plugins\maven-resources-plugin\2.4.3\maven-resources-plugin-2.4.3.jar;D:\D1\java\maven\repo\org\apache\maven\maven-plugin-api\2.0.6\maven-plugin-api-2.0.6.jar;D:\D1\java\maven\repo\org\apache\maven\maven-project\2.0.6\maven-project-2.0.6.jar;D:\D1\java\maven\repo\org\apache\maven\maven-profile\2.0.6\maven-profile-2.0.6.jar;D:\D1\java\maven\repo\org\apache\maven\maven-artifact-manager\2.0.6\maven-artifact-manager-2.0.6.jar;D:\D1\java\maven\repo\org\apache\maven\maven-plugin-registry\2.0.6\maven-plugin-registry-2.0.6.jar;D:\D1\java\maven\repo\org\apache\maven\maven-core\2.0.6\maven-core-2.0.6.jar;D:\D1\java\maven\repo\org\apache\maven\wagon\wagon-file\1.0-beta-2\wagon-file-1.0-beta-2.jar;D:\D1\java\maven\repo\org\apache\maven\maven-plugin-parameter-documenter\2.0.6\maven-plugin-parameter-documenter-2.0.6.jar;D:\D1\java\maven\repo\org\apache\maven\wagon\wagon-http-lightweight\1.0-beta-2\wagon-http-lightweight-1.0-beta-2.jar;D:\D1\java\maven\repo\org\apache\maven\wagon\wagon-http-shared\1.0-beta-2\wagon-http-shared-1.0-beta-2.jar;D:\D1\java\maven\repo\jtidy\jtidy\4aug2000r7-dev\jtidy-4aug2000r7-dev.jar;D:\D1\java\maven\repo\xml-apis\xml-apis\1.4.01\xml-apis-1.4.01.jar;D:\D1\java\maven\repo\org\apache\maven\reporting\maven-reporting-api\2.0.6\maven-reporting-api-2.0.6.jar;D:\D1\java\maven\repo\org\apache\maven\doxia\doxia-sink-api\1.0-alpha-7\doxia-sink-api-1.0-alpha-7.jar;D:\D1\java\maven\repo\org\apache\maven\wagon\wagon-provider-api\1.0-beta-2\wagon-provider-api-1.0-beta-2.jar;D:\D1\java\maven\repo\org\apache\maven\maven-repository-metadata\2.0.6\maven-repository-metadata-2.0.6.jar;D:\D1\java\maven\repo\org\apache\maven\maven-error-diagnostics\2.0.6\maven-error-diagnostics-2.0.6.jar;D:\D1\java\maven\repo\commons-cli\commons-cli\1.0\commons-cli-1.0.jar;D:\D1\java\maven\repo\org\apache\maven\wagon\wagon-ssh-external\1.0-beta-2\wagon-ssh-external-1.0-beta-2.jar;D:\D1\java\maven\repo\org\apache\maven\wagon\wagon-ssh-common\1.0-beta-2\wagon-ssh-common-1.0-beta-2.jar;D:\D1\java\maven\repo\org\apache\maven\maven-plugin-descriptor\2.0.6\maven-plugin-descriptor-2.0.6.jar;D:\D1\java\maven\repo\org\codehaus\plexus\plexus-interactivity-api\1.0-alpha-4\plexus-interactivity-api-1.0-alpha-4.jar;D:\D1\java\maven\repo\org\apache\maven\wagon\wagon-ssh\1.0-beta-2\wagon-ssh-1.0-beta-2.jar;D:\D1\java\maven\repo\com\jcraft\jsch\0.1.27\jsch-0.1.27.jar;D:\D1\java\maven\repo\classworlds\classworlds\1.1\classworlds-1.1.jar;D:\D1\java\maven\repo\org\apache\maven\maven-artifact\2.0.6\maven-artifact-2.0.6.jar;D:\D1\java\maven\repo\org\apache\maven\maven-settings\2.0.6\maven-settings-2.0.6.jar;D:\D1\java\maven\repo\org\apache\maven\maven-model\2.0.6\maven-model-2.0.6.jar;D:\D1\java\maven\repo\org\apache\maven\maven-monitor\2.0.6\maven-monitor-2.0.6.jar;D:\D1\java\maven\repo\org\codehaus\plexus\plexus-container-default\1.0-alpha-9-stable-1\plexus-container-default-1.0-alpha-9-stable-1.jar;D:\D1\java\maven\repo\junit\junit\4.12\junit-4.12.jar;D:\D1\java\maven\repo\org\hamcrest\hamcrest-core\1.3\hamcrest-core-1.3.jar;D:\D1\java\maven\repo\org\codehaus\plexus\plexus-utils\2.0.5\plexus-utils-2.0.5.jar;D:\D1\java\maven\repo\org\apache\maven\shared\maven-filtering\1.0-beta-4\maven-filtering-1.0-beta-4.jar;D:\D1\java\maven\repo\org\sonatype\plexus\plexus-build-api\0.0.4\plexus-build-api-0.0.4.jar;D:\D1\java\maven\repo\org\codehaus\plexus\plexus-interpolation\1.13\plexus-interpolation-1.13.jar;"/>
    <property name="java.specification.name" value="Java Platform API Specification"/>
    <property name="java.class.version" value="52.0"/>
    <property name="sun.management.compiler" value="HotSpot 64-Bit Tiered Compilers"/>
    <property name="os.version" value="6.3"/>
    <property name="user.home" value="C:\Users\darli"/>
    <property name="user.timezone" value="Asia/Shanghai"/>
    <property name="java.awt.printerjob" value="sun.awt.windows.WPrinterJob"/>
    <property name="java.specification.version" value="1.8"/>
    <property name="file.encoding" value="GBK"/>
    <property name="user.name" value="darli"/>
    <property name="java.class.path" value="C:\Users\darli\.ssh\workspace\muke\AutoTest\Chapter12\target\test-classes;C:\Users\darli\.ssh\workspace\muke\AutoTest\Chapter12\target\classes;D:\D1\java\maven\repo\org\testng\testng\6.10\testng-6.10.jar;D:\D1\java\maven\repo\com\beust\jcommander\1.48\jcommander-1.48.jar;D:\D1\java\maven\repo\com\alibaba\fastjson\1.2.70\fastjson-1.2.70.jar;D:\D1\java\maven\repo\com\aventstack\extentreports\3.0.6\extentreports-3.0.6.jar;D:\D1\java\maven\repo\org\freemarker\freemarker\2.3.27-incubating\freemarker-2.3.27-incubating.jar;D:\D1\java\maven\repo\org\mongodb\mongodb-driver\3.6.3\mongodb-driver-3.6.3.jar;D:\D1\java\maven\repo\org\mongodb\bson\3.6.3\bson-3.6.3.jar;D:\D1\java\maven\repo\org\mongodb\mongodb-driver-core\3.6.3\mongodb-driver-core-3.6.3.jar;D:\D1\java\maven\repo\org\apache\httpcomponents\httpmime\4.5.5\httpmime-4.5.5.jar;D:\D1\java\maven\repo\org\jsoup\jsoup\1.9.2\jsoup-1.9.2.jar;D:\D1\java\maven\repo\com\relevantcodes\extentreports\2.41.1\extentreports-2.41.1.jar;D:\D1\java\maven\repo\org\xerial\sqlite-jdbc\3.21.0.1\sqlite-jdbc-3.21.0.1.jar;D:\D1\java\maven\repo\com\vimalselvam\testng-extentsreport\1.3.1\testng-extentsreport-1.3.1.jar;D:\D1\java\maven\repo\com\google\guava\guava\20.0\guava-20.0.jar;D:\D1\java\maven\repo\mysql\mysql-connector-java\8.0.12\mysql-connector-java-8.0.12.jar;D:\D1\java\maven\repo\com\google\protobuf\protobuf-java\2.6.0\protobuf-java-2.6.0.jar;D:\D1\java\maven\repo\org\mybatis\mybatis\3.4.4\mybatis-3.4.4.jar;D:\D1\java\maven\repo\org\projectlombok\lombok\1.16.14\lombok-1.16.14.jar;D:\D1\java\maven\repo\org\apache\httpcomponents\httpclient\4.5.2\httpclient-4.5.2.jar;D:\D1\java\maven\repo\org\apache\httpcomponents\httpcore\4.4.9\httpcore-4.4.9.jar;D:\D1\java\maven\repo\commons-codec\commons-codec\1.11\commons-codec-1.11.jar;D:\D1\java\maven\repo\org\springframework\boot\spring-boot-starter-web\2.0.0.RELEASE\spring-boot-starter-web-2.0.0.RELEASE.jar;D:\D1\java\maven\repo\org\springframework\boot\spring-boot-starter\2.0.0.RELEASE\spring-boot-starter-2.0.0.RELEASE.jar;D:\D1\java\maven\repo\org\springframework\boot\spring-boot\2.0.0.RELEASE\spring-boot-2.0.0.RELEASE.jar;D:\D1\java\maven\repo\org\springframework\boot\spring-boot-autoconfigure\2.0.0.RELEASE\spring-boot-autoconfigure-2.0.0.RELEASE.jar;D:\D1\java\maven\repo\org\springframework\boot\spring-boot-starter-logging\2.0.0.RELEASE\spring-boot-starter-logging-2.0.0.RELEASE.jar;D:\D1\java\maven\repo\ch\qos\logback\logback-classic\1.2.3\logback-classic-1.2.3.jar;D:\D1\java\maven\repo\ch\qos\logback\logback-core\1.2.3\logback-core-1.2.3.jar;D:\D1\java\maven\repo\org\apache\logging\log4j\log4j-to-slf4j\2.10.0\log4j-to-slf4j-2.10.0.jar;D:\D1\java\maven\repo\org\apache\logging\log4j\log4j-api\2.10.0\log4j-api-2.10.0.jar;D:\D1\java\maven\repo\org\slf4j\jul-to-slf4j\1.7.25\jul-to-slf4j-1.7.25.jar;D:\D1\java\maven\repo\javax\annotation\javax.annotation-api\1.3.2\javax.annotation-api-1.3.2.jar;D:\D1\java\maven\repo\org\springframework\spring-core\5.0.4.RELEASE\spring-core-5.0.4.RELEASE.jar;D:\D1\java\maven\repo\org\springframework\spring-jcl\5.0.4.RELEASE\spring-jcl-5.0.4.RELEASE.jar;D:\D1\java\maven\repo\org\yaml\snakeyaml\1.19\snakeyaml-1.19.jar;D:\D1\java\maven\repo\org\springframework\boot\spring-boot-starter-json\2.0.0.RELEASE\spring-boot-starter-json-2.0.0.RELEASE.jar;D:\D1\java\maven\repo\com\fasterxml\jackson\core\jackson-databind\2.9.4\jackson-databind-2.9.4.jar;D:\D1\java\maven\repo\com\fasterxml\jackson\core\jackson-annotations\2.9.0\jackson-annotations-2.9.0.jar;D:\D1\java\maven\repo\com\fasterxml\jackson\core\jackson-core\2.9.4\jackson-core-2.9.4.jar;D:\D1\java\maven\repo\com\fasterxml\jackson\datatype\jackson-datatype-jdk8\2.9.4\jackson-datatype-jdk8-2.9.4.jar;D:\D1\java\maven\repo\com\fasterxml\jackson\datatype\jackson-datatype-jsr310\2.9.4\jackson-datatype-jsr310-2.9.4.jar;D:\D1\java\maven\repo\com\fasterxml\jackson\module\jackson-module-parameter-names\2.9.4\jackson-module-parameter-names-2.9.4.jar;D:\D1\java\maven\repo\org\springframework\boot\spring-boot-starter-tomcat\2.0.0.RELEASE\spring-boot-starter-tomcat-2.0.0.RELEASE.jar;D:\D1\java\maven\repo\org\apache\tomcat\embed\tomcat-embed-core\8.5.28\tomcat-embed-core-8.5.28.jar;D:\D1\java\maven\repo\org\apache\tomcat\embed\tomcat-embed-el\8.5.28\tomcat-embed-el-8.5.28.jar;D:\D1\java\maven\repo\org\apache\tomcat\embed\tomcat-embed-websocket\8.5.28\tomcat-embed-websocket-8.5.28.jar;D:\D1\java\maven\repo\org\hibernate\validator\hibernate-validator\6.0.7.Final\hibernate-validator-6.0.7.Final.jar;D:\D1\java\maven\repo\javax\validation\validation-api\2.0.1.Final\validation-api-2.0.1.Final.jar;D:\D1\java\maven\repo\org\jboss\logging\jboss-logging\3.3.2.Final\jboss-logging-3.3.2.Final.jar;D:\D1\java\maven\repo\com\fasterxml\classmate\1.3.4\classmate-1.3.4.jar;D:\D1\java\maven\repo\org\springframework\spring-web\5.0.4.RELEASE\spring-web-5.0.4.RELEASE.jar;D:\D1\java\maven\repo\org\springframework\spring-beans\5.0.4.RELEASE\spring-beans-5.0.4.RELEASE.jar;D:\D1\java\maven\repo\org\springframework\spring-webmvc\5.0.4.RELEASE\spring-webmvc-5.0.4.RELEASE.jar;D:\D1\java\maven\repo\org\springframework\spring-aop\5.0.4.RELEASE\spring-aop-5.0.4.RELEASE.jar;D:\D1\java\maven\repo\org\springframework\spring-context\5.0.4.RELEASE\spring-context-5.0.4.RELEASE.jar;D:\D1\java\maven\repo\org\springframework\spring-expression\5.0.4.RELEASE\spring-expression-5.0.4.RELEASE.jar;D:\D1\java\maven\repo\org\mybatis\spring\boot\mybatis-spring-boot-starter\1.3.0\mybatis-spring-boot-starter-1.3.0.jar;D:\D1\java\maven\repo\org\springframework\boot\spring-boot-starter-jdbc\2.0.0.RELEASE\spring-boot-starter-jdbc-2.0.0.RELEASE.jar;D:\D1\java\maven\repo\com\zaxxer\HikariCP\2.7.8\HikariCP-2.7.8.jar;D:\D1\java\maven\repo\org\slf4j\slf4j-api\1.7.25\slf4j-api-1.7.25.jar;D:\D1\java\maven\repo\org\springframework\spring-jdbc\5.0.4.RELEASE\spring-jdbc-5.0.4.RELEASE.jar;D:\D1\java\maven\repo\org\springframework\spring-tx\5.0.4.RELEASE\spring-tx-5.0.4.RELEASE.jar;D:\D1\java\maven\repo\org\mybatis\spring\boot\mybatis-spring-boot-autoconfigure\1.3.0\mybatis-spring-boot-autoconfigure-1.3.0.jar;D:\D1\java\maven\repo\org\mybatis\mybatis-spring\1.3.1\mybatis-spring-1.3.1.jar;D:\D1\java\maven\repo\org\apache\maven\plugins\maven-resources-plugin\2.4.3\maven-resources-plugin-2.4.3.jar;D:\D1\java\maven\repo\org\apache\maven\maven-plugin-api\2.0.6\maven-plugin-api-2.0.6.jar;D:\D1\java\maven\repo\org\apache\maven\maven-project\2.0.6\maven-project-2.0.6.jar;D:\D1\java\maven\repo\org\apache\maven\maven-profile\2.0.6\maven-profile-2.0.6.jar;D:\D1\java\maven\repo\org\apache\maven\maven-artifact-manager\2.0.6\maven-artifact-manager-2.0.6.jar;D:\D1\java\maven\repo\org\apache\maven\maven-plugin-registry\2.0.6\maven-plugin-registry-2.0.6.jar;D:\D1\java\maven\repo\org\apache\maven\maven-core\2.0.6\maven-core-2.0.6.jar;D:\D1\java\maven\repo\org\apache\maven\wagon\wagon-file\1.0-beta-2\wagon-file-1.0-beta-2.jar;D:\D1\java\maven\repo\org\apache\maven\maven-plugin-parameter-documenter\2.0.6\maven-plugin-parameter-documenter-2.0.6.jar;D:\D1\java\maven\repo\org\apache\maven\wagon\wagon-http-lightweight\1.0-beta-2\wagon-http-lightweight-1.0-beta-2.jar;D:\D1\java\maven\repo\org\apache\maven\wagon\wagon-http-shared\1.0-beta-2\wagon-http-shared-1.0-beta-2.jar;D:\D1\java\maven\repo\jtidy\jtidy\4aug2000r7-dev\jtidy-4aug2000r7-dev.jar;D:\D1\java\maven\repo\xml-apis\xml-apis\1.4.01\xml-apis-1.4.01.jar;D:\D1\java\maven\repo\org\apache\maven\reporting\maven-reporting-api\2.0.6\maven-reporting-api-2.0.6.jar;D:\D1\java\maven\repo\org\apache\maven\doxia\doxia-sink-api\1.0-alpha-7\doxia-sink-api-1.0-alpha-7.jar;D:\D1\java\maven\repo\org\apache\maven\wagon\wagon-provider-api\1.0-beta-2\wagon-provider-api-1.0-beta-2.jar;D:\D1\java\maven\repo\org\apache\maven\maven-repository-metadata\2.0.6\maven-repository-metadata-2.0.6.jar;D:\D1\java\maven\repo\org\apache\maven\maven-error-diagnostics\2.0.6\maven-error-diagnostics-2.0.6.jar;D:\D1\java\maven\repo\commons-cli\commons-cli\1.0\commons-cli-1.0.jar;D:\D1\java\maven\repo\org\apache\maven\wagon\wagon-ssh-external\1.0-beta-2\wagon-ssh-external-1.0-beta-2.jar;D:\D1\java\maven\repo\org\apache\maven\wagon\wagon-ssh-common\1.0-beta-2\wagon-ssh-common-1.0-beta-2.jar;D:\D1\java\maven\repo\org\apache\maven\maven-plugin-descriptor\2.0.6\maven-plugin-descriptor-2.0.6.jar;D:\D1\java\maven\repo\org\codehaus\plexus\plexus-interactivity-api\1.0-alpha-4\plexus-interactivity-api-1.0-alpha-4.jar;D:\D1\java\maven\repo\org\apache\maven\wagon\wagon-ssh\1.0-beta-2\wagon-ssh-1.0-beta-2.jar;D:\D1\java\maven\repo\com\jcraft\jsch\0.1.27\jsch-0.1.27.jar;D:\D1\java\maven\repo\classworlds\classworlds\1.1\classworlds-1.1.jar;D:\D1\java\maven\repo\org\apache\maven\maven-artifact\2.0.6\maven-artifact-2.0.6.jar;D:\D1\java\maven\repo\org\apache\maven\maven-settings\2.0.6\maven-settings-2.0.6.jar;D:\D1\java\maven\repo\org\apache\maven\maven-model\2.0.6\maven-model-2.0.6.jar;D:\D1\java\maven\repo\org\apache\maven\maven-monitor\2.0.6\maven-monitor-2.0.6.jar;D:\D1\java\maven\repo\org\codehaus\plexus\plexus-container-default\1.0-alpha-9-stable-1\plexus-container-default-1.0-alpha-9-stable-1.jar;D:\D1\java\maven\repo\junit\junit\4.12\junit-4.12.jar;D:\D1\java\maven\repo\org\hamcrest\hamcrest-core\1.3\hamcrest-core-1.3.jar;D:\D1\java\maven\repo\org\codehaus\plexus\plexus-utils\2.0.5\plexus-utils-2.0.5.jar;D:\D1\java\maven\repo\org\apache\maven\shared\maven-filtering\1.0-beta-4\maven-filtering-1.0-beta-4.jar;D:\D1\java\maven\repo\org\sonatype\plexus\plexus-build-api\0.0.4\plexus-build-api-0.0.4.jar;D:\D1\java\maven\repo\org\codehaus\plexus\plexus-interpolation\1.13\plexus-interpolation-1.13.jar;"/>
    <property name="java.vm.specification.version" value="1.8"/>
    <property name="sun.arch.data.model" value="64"/>
    <property name="java.home" value="D:\D1\java\jdk\jdk1.8.0_45\jre"/>
    <property name="sun.java.command" value="C:\Users\darli\.ssh\workspace\muke\AutoTest\Chapter12\target\surefire\surefirebooter180161326942403506.jar C:\Users\darli\.ssh\workspace\muke\AutoTest\Chapter12\target\surefire\surefire397511744612437388tmp C:\Users\darli\.ssh\workspace\muke\AutoTest\Chapter12\target\surefire\surefire4594212467872969913tmp"/>
    <property name="java.specification.vendor" value="Oracle Corporation"/>
    <property name="user.language" value="zh"/>
    <property name="awt.toolkit" value="sun.awt.windows.WToolkit"/>
    <property name="java.vm.info" value="mixed mode"/>
    <property name="java.version" value="1.8.0_45"/>
    <property name="java.ext.dirs" value="D:\D1\java\jdk\jdk1.8.0_45\jre\lib\ext;C:\WINDOWS\Sun\Java\lib\ext"/>
    <property name="sun.boot.class.path" value="D:\D1\java\jdk\jdk1.8.0_45\jre\lib\resources.jar;D:\D1\java\jdk\jdk1.8.0_45\jre\lib\rt.jar;D:\D1\java\jdk\jdk1.8.0_45\jre\lib\sunrsasign.jar;D:\D1\java\jdk\jdk1.8.0_45\jre\lib\jsse.jar;D:\D1\java\jdk\jdk1.8.0_45\jre\lib\jce.jar;D:\D1\java\jdk\jdk1.8.0_45\jre\lib\charsets.jar;D:\D1\java\jdk\jdk1.8.0_45\jre\lib\jfr.jar;D:\D1\java\jdk\jdk1.8.0_45\jre\classes"/>
    <property name="java.vendor" value="Oracle Corporation"/>
    <property name="localRepository" value="D:\D1\java\maven\repo"/>
    <property name="file.separator" value="\"/>
    <property name="java.vendor.url.bug" value="http://bugreport.sun.com/bugreport/"/>
    <property name="sun.cpu.endian" value="little"/>
    <property name="sun.io.unicode.encoding" value="UnicodeLittle"/>
    <property name="sun.desktop" value="windows"/>
    <property name="sun.cpu.isalist" value="amd64"/>
  </properties>
  <testcase classname="com.course.cases.LoginTest" name="loginFalse" time="0.534"/>
  <testcase classname="com.course.cases.LoginTest" name="loginTrue" time="0.017"/>
  <testcase classname="com.course.cases.AddUserTest" name="addUser" time="0.094">
    <failure message="Expected one result (or null) to be returned by selectOne(), but found: 2" type="org.apache.ibatis.exceptions.TooManyResultsException">org.apache.ibatis.exceptions.TooManyResultsException: Expected one result (or null) to be returned by selectOne(), but found: 2
	at org.apache.ibatis.session.defaults.DefaultSqlSession.selectOne(DefaultSqlSession.java:81)
	at com.course.cases.AddUserTest.addUser(AddUserTest.java:55)
</failure>
    <system-out>10:40:21.659 [main] DEBUG org.apache.ibatis.transaction.jdbc.JdbcTransaction - Opening JDBC Connection
10:40:21.663 [main] DEBUG org.apache.ibatis.datasource.pooled.PooledDataSource - Created connection 454884231.
10:40:21.663 [main] DEBUG org.apache.ibatis.transaction.jdbc.JdbcTransaction - Setting autocommit to false on JDBC Connection [com.mysql.cj.jdbc.ConnectionImpl@1b1cfb87]
10:40:21.663 [main] DEBUG com.course.model.addUserCase - ==&gt;  Preparing: select * from add_user_case where id=? 
10:40:21.663 [main] DEBUG com.course.model.addUserCase - ==&gt; Parameters: 2(Integer)
10:40:21.665 [main] DEBUG com.course.model.addUserCase - &lt;==      Total: 1
10:40:21.665 [main] DEBUG org.apache.ibatis.transaction.jdbc.JdbcTransaction - Resetting autocommit to true on JDBC Connection [com.mysql.cj.jdbc.ConnectionImpl@1b1cfb87]
10:40:21.665 [main] DEBUG org.apache.ibatis.transaction.jdbc.JdbcTransaction - Closing JDBC Connection [com.mysql.cj.jdbc.ConnectionImpl@1b1cfb87]
10:40:21.666 [main] DEBUG org.apache.ibatis.datasource.pooled.PooledDataSource - Returned connection 454884231 to pool.
AddUserCase(id=2, userName=test4, password=444, age=4, sex=0, permission=0, isDelete=0, expected=true)
http://192.168.159.1:8080/v1/addUser
10:40:21.666 [main] INFO com.course.cases.AddUserTest - ********开始验证addUser api*********
10:40:21.717 [main] DEBUG org.apache.http.client.protocol.RequestAddCookies - CookieSpec selected: default
10:40:21.734 [main] DEBUG org.apache.http.client.protocol.RequestAddCookies - Cookie [version: 0][name: JSESSIONID][value: 77134C54C306CFFA1A0C64AEA1B53305][domain: 192.168.159.1][path: /][expiry: null] match [192.168.159.1:8080/v1/addUser]
10:40:21.734 [main] DEBUG org.apache.http.client.protocol.RequestAddCookies - Cookie [version: 0][name: login][value: true][domain: 192.168.159.1][path: /v1][expiry: null] match [192.168.159.1:8080/v1/addUser]
10:40:21.735 [main] DEBUG org.apache.http.client.protocol.RequestAuthCache - Auth cache not set in the context
10:40:21.735 [main] DEBUG org.apache.http.impl.conn.PoolingHttpClientConnectionManager - Connection request: [route: {}-&gt;http://192.168.159.1:8080][total kept alive: 0; route allocated: 0 of 2; total allocated: 0 of 20]
10:40:21.735 [main] DEBUG org.apache.http.impl.conn.PoolingHttpClientConnectionManager - Connection leased: [id: 2][route: {}-&gt;http://192.168.159.1:8080][total kept alive: 0; route allocated: 1 of 2; total allocated: 1 of 20]
10:40:21.735 [main] DEBUG org.apache.http.impl.execchain.MainClientExec - Opening connection {}-&gt;http://192.168.159.1:8080
10:40:21.735 [main] DEBUG org.apache.http.impl.conn.DefaultHttpClientConnectionOperator - Connecting to /192.168.159.1:8080
10:40:21.735 [main] DEBUG org.apache.http.impl.conn.DefaultHttpClientConnectionOperator - Connection established 192.168.159.1:49675&lt;-&gt;192.168.159.1:8080
10:40:21.735 [main] DEBUG org.apache.http.impl.execchain.MainClientExec - Executing request POST /v1/addUser HTTP/1.1
10:40:21.735 [main] DEBUG org.apache.http.impl.execchain.MainClientExec - Target auth state: UNCHALLENGED
10:40:21.735 [main] DEBUG org.apache.http.impl.execchain.MainClientExec - Proxy auth state: UNCHALLENGED
10:40:21.736 [main] DEBUG org.apache.http.headers - http-outgoing-2 &gt;&gt; POST /v1/addUser HTTP/1.1
10:40:21.736 [main] DEBUG org.apache.http.headers - http-outgoing-2 &gt;&gt; content-type: application/json
10:40:21.736 [main] DEBUG org.apache.http.headers - http-outgoing-2 &gt;&gt; Content-Length: 89
10:40:21.736 [main] DEBUG org.apache.http.headers - http-outgoing-2 &gt;&gt; Host: 192.168.159.1:8080
10:40:21.736 [main] DEBUG org.apache.http.headers - http-outgoing-2 &gt;&gt; Connection: Keep-Alive
10:40:21.736 [main] DEBUG org.apache.http.headers - http-outgoing-2 &gt;&gt; User-Agent: Apache-HttpClient/4.5.2 (Java/1.8.0_45)
10:40:21.736 [main] DEBUG org.apache.http.headers - http-outgoing-2 &gt;&gt; Cookie: JSESSIONID=77134C54C306CFFA1A0C64AEA1B53305; login=true
10:40:21.736 [main] DEBUG org.apache.http.headers - http-outgoing-2 &gt;&gt; Accept-Encoding: gzip,deflate
10:40:21.736 [main] DEBUG org.apache.http.wire - http-outgoing-2 &gt;&gt; &quot;POST /v1/addUser HTTP/1.1[\r][\n]&quot;
10:40:21.736 [main] DEBUG org.apache.http.wire - http-outgoing-2 &gt;&gt; &quot;content-type: application/json[\r][\n]&quot;
10:40:21.736 [main] DEBUG org.apache.http.wire - http-outgoing-2 &gt;&gt; &quot;Content-Length: 89[\r][\n]&quot;
10:40:21.736 [main] DEBUG org.apache.http.wire - http-outgoing-2 &gt;&gt; &quot;Host: 192.168.159.1:8080[\r][\n]&quot;
10:40:21.736 [main] DEBUG org.apache.http.wire - http-outgoing-2 &gt;&gt; &quot;Connection: Keep-Alive[\r][\n]&quot;
10:40:21.736 [main] DEBUG org.apache.http.wire - http-outgoing-2 &gt;&gt; &quot;User-Agent: Apache-HttpClient/4.5.2 (Java/1.8.0_45)[\r][\n]&quot;
10:40:21.736 [main] DEBUG org.apache.http.wire - http-outgoing-2 &gt;&gt; &quot;Cookie: JSESSIONID=77134C54C306CFFA1A0C64AEA1B53305; login=true[\r][\n]&quot;
10:40:21.736 [main] DEBUG org.apache.http.wire - http-outgoing-2 &gt;&gt; &quot;Accept-Encoding: gzip,deflate[\r][\n]&quot;
10:40:21.736 [main] DEBUG org.apache.http.wire - http-outgoing-2 &gt;&gt; &quot;[\r][\n]&quot;
10:40:21.736 [main] DEBUG org.apache.http.wire - http-outgoing-2 &gt;&gt; &quot;{&quot;password&quot;:&quot;444&quot;,&quot;isDelete&quot;:&quot;0&quot;,&quot;sex&quot;:&quot;0&quot;,&quot;permission&quot;:&quot;0&quot;,&quot;userName&quot;:&quot;test4&quot;,&quot;age&quot;:&quot;4&quot;}&quot;
10:40:21.745 [main] DEBUG org.apache.http.wire - http-outgoing-2 &lt;&lt; &quot;HTTP/1.1 200 [\r][\n]&quot;
10:40:21.745 [main] DEBUG org.apache.http.wire - http-outgoing-2 &lt;&lt; &quot;Content-Type: application/json;charset=UTF-8[\r][\n]&quot;
10:40:21.745 [main] DEBUG org.apache.http.wire - http-outgoing-2 &lt;&lt; &quot;Transfer-Encoding: chunked[\r][\n]&quot;
10:40:21.745 [main] DEBUG org.apache.http.wire - http-outgoing-2 &lt;&lt; &quot;Date: Sun, 13 Jun 2021 02:40:21 GMT[\r][\n]&quot;
10:40:21.745 [main] DEBUG org.apache.http.wire - http-outgoing-2 &lt;&lt; &quot;[\r][\n]&quot;
10:40:21.745 [main] DEBUG org.apache.http.wire - http-outgoing-2 &lt;&lt; &quot;4[\r][\n]&quot;
10:40:21.745 [main] DEBUG org.apache.http.wire - http-outgoing-2 &lt;&lt; &quot;true[\r][\n]&quot;
10:40:21.746 [main] DEBUG org.apache.http.headers - http-outgoing-2 &lt;&lt; HTTP/1.1 200 
10:40:21.746 [main] DEBUG org.apache.http.headers - http-outgoing-2 &lt;&lt; Content-Type: application/json;charset=UTF-8
10:40:21.746 [main] DEBUG org.apache.http.headers - http-outgoing-2 &lt;&lt; Transfer-Encoding: chunked
10:40:21.746 [main] DEBUG org.apache.http.headers - http-outgoing-2 &lt;&lt; Date: Sun, 13 Jun 2021 02:40:21 GMT
10:40:21.746 [main] DEBUG org.apache.http.impl.execchain.MainClientExec - Connection can be kept alive indefinitely
10:40:21.746 [main] DEBUG org.apache.http.wire - http-outgoing-2 &lt;&lt; &quot;0[\r][\n]&quot;
10:40:21.746 [main] DEBUG org.apache.http.wire - http-outgoing-2 &lt;&lt; &quot;[\r][\n]&quot;
10:40:21.746 [main] DEBUG org.apache.http.impl.conn.PoolingHttpClientConnectionManager - Connection [id: 2][route: {}-&gt;http://192.168.159.1:8080] can be kept alive indefinitely
10:40:21.746 [main] DEBUG org.apache.http.impl.conn.PoolingHttpClientConnectionManager - Connection released: [id: 2][route: {}-&gt;http://192.168.159.1:8080][total kept alive: 1; route allocated: 1 of 2; total allocated: 1 of 20]
10:40:21.746 [main] DEBUG org.apache.http.impl.conn.PoolingHttpClientConnectionManager - Connection manager is shutting down
10:40:21.746 [main] DEBUG org.apache.http.impl.conn.DefaultManagedHttpClientConnection - http-outgoing-2: Close connection
10:40:21.746 [main] DEBUG org.apache.http.impl.conn.PoolingHttpClientConnectionManager - Connection manager shut down
10:40:21.746 [main] INFO com.course.cases.AddUserTest - 请求http:localhost/v1/addUser的结果是------&gt;true
10:40:21.746 [main] DEBUG org.apache.ibatis.transaction.jdbc.JdbcTransaction - Opening JDBC Connection
10:40:21.747 [main] DEBUG org.apache.ibatis.datasource.pooled.PooledDataSource - Checked out connection 454884231 from pool.
10:40:21.747 [main] DEBUG org.apache.ibatis.transaction.jdbc.JdbcTransaction - Setting autocommit to false on JDBC Connection [com.mysql.cj.jdbc.ConnectionImpl@1b1cfb87]
10:40:21.747 [main] DEBUG com.course.model.getAddedUser - ==&gt;  Preparing: select * from user where username=? and password=? and age=? and sex=? and permission=? and is_delete=? 
10:40:21.747 [main] DEBUG com.course.model.getAddedUser - ==&gt; Parameters: test4(String), 444(String), 4(String), 0(String), 0(String), 0(String)
10:40:21.749 [main] DEBUG com.course.model.getAddedUser - &lt;==      Total: 2
10:40:21.749 [main] DEBUG org.apache.ibatis.transaction.jdbc.JdbcTransaction - Resetting autocommit to true on JDBC Connection [com.mysql.cj.jdbc.ConnectionImpl@1b1cfb87]
10:40:21.750 [main] DEBUG org.apache.ibatis.transaction.jdbc.JdbcTransaction - Closing JDBC Connection [com.mysql.cj.jdbc.ConnectionImpl@1b1cfb87]
10:40:21.750 [main] DEBUG org.apache.ibatis.datasource.pooled.PooledDataSource - Returned connection 454884231 to pool.
</system-out>
  </testcase>
  <testcase classname="com.course.cases.GetUserInfoTest" name="getUserInfo" time="0.052"/>
  <testcase classname="com.course.cases.GetUserListTest" name="getUserList" time="0.089"/>
  <testcase classname="com.course.cases.UpdateUserInfoTest" name="updateUserInfo" time="0.029"/>
  <testcase classname="com.course.cases.UpdateUserInfoTest" name="deleteUserInfo" time="0.021"/>
</testsuite>