<?xml version="1.0" encoding="UTF-8" ?>
<testsuite tests="7" failures="2" name="TestSuite" time="6.129" errors="0" skipped="5">
  <properties>
    <property name="java.runtime.name" value="Java(TM) SE Runtime Environment"/>
    <property name="sun.boot.library.path" value="D:\D1\java\jdk\jdk1.8.0_45\jre\bin"/>
    <property name="java.vm.version" value="25.45-b02"/>
    <property name="java.vm.vendor" value="Oracle Corporation"/>
    <property name="java.vendor.url" value="http://java.oracle.com/"/>
    <property name="path.separator" value=";"/>
    <property name="java.vm.name" value="Java HotSpot(TM) 64-Bit Server VM"/>
    <property name="file.encoding.pkg" value="sun.io"/>
    <property name="user.script" value=""/>
    <property name="user.country" value="CN"/>
    <property name="sun.java.launcher" value="SUN_STANDARD"/>
    <property name="sun.os.patch.level" value=""/>
    <property name="java.vm.specification.name" value="Java Virtual Machine Specification"/>
    <property name="user.dir" value="C:\Users\darli\.ssh\workspace\muke\AutoTest\Chapter12"/>
    <property name="java.runtime.version" value="1.8.0_45-b14"/>
    <property name="java.awt.graphicsenv" value="sun.awt.Win32GraphicsEnvironment"/>
    <property name="basedir" value="C:\Users\darli\.ssh\workspace\muke\AutoTest\Chapter12"/>
    <property name="java.endorsed.dirs" value="D:\D1\java\jdk\jdk1.8.0_45\jre\lib\endorsed"/>
    <property name="os.arch" value="amd64"/>
    <property name="surefire.real.class.path" value="C:\Users\darli\.ssh\workspace\muke\AutoTest\Chapter12\target\surefire\surefirebooter8195960815139100720.jar"/>
    <property name="java.io.tmpdir" value="C:\Users\darli\AppData\Local\Temp\"/>
    <property name="line.separator" value="
"/>
    <property name="java.vm.specification.vendor" value="Oracle Corporation"/>
    <property name="user.variant" value=""/>
    <property name="os.name" value="Windows 8.1"/>
    <property name="sun.jnu.encoding" value="GBK"/>
    <property name="java.library.path" value="D:\D1\java\jdk\jdk1.8.0_45\jre\bin;C:\WINDOWS\Sun\Java\bin;C:\WINDOWS\system32;C:\WINDOWS;D:\D1\tools\git\Git\mingw64\bin;D:\D1\tools\git\Git\usr\bin;C:\Users\darli\bin;D:\linux\LinuxOS\bin;D:\D1\java\apache-tomcat-8.5.37\bin;D:\D1\java\jdk\jdk1.8.0_45\bin;D:\D1\java\jdk\jdk1.8.0_45\jre\bin;C:\ProgramData\Oracle\Java\javapath;C:\Windows\system32;C:\Windows;C:\Windows\System32\Wbem;C:\Windows\System32\WindowsPowerShell\v1.0;C:\Windows\System32\OpenSSH;C:\Program Files\NVIDIA Corporation\NVIDIA NvDLISR;D:\D1\IDEs\SublimeTextBuild\Sublime Text 3;D:\D1\java\maven\apache-maven-3.6.3\bin;D:\D1\java\mysql-8.0.23-winx64\bin;D:\D1\tools\git\Git\cmd;C:\WINDOWS\system32;C:\WINDOWS;C:\WINDOWS\System32\Wbem;C:\WINDOWS\System32\WindowsPowerShell\v1.0;C:\WINDOWS\System32\OpenSSH;D:\D1\java\xshell_xftp\Xshell;D:\D1\java\xshell_xftp\Xftp;C:\Users\darli\AppData\Local\Microsoft\WindowsApps;D:\D1\IDEs\VSCode\Microsoft VS Code\bin;."/>
    <property name="surefire.test.class.path" value="C:\Users\darli\.ssh\workspace\muke\AutoTest\Chapter12\target\test-classes;C:\Users\darli\.ssh\workspace\muke\AutoTest\Chapter12\target\classes;D:\D1\java\maven\repo\org\testng\testng\6.10\testng-6.10.jar;D:\D1\java\maven\repo\com\beust\jcommander\1.48\jcommander-1.48.jar;D:\D1\java\maven\repo\com\alibaba\fastjson\1.2.70\fastjson-1.2.70.jar;D:\D1\java\maven\repo\com\aventstack\extentreports\3.0.6\extentreports-3.0.6.jar;D:\D1\java\maven\repo\org\freemarker\freemarker\2.3.27-incubating\freemarker-2.3.27-incubating.jar;D:\D1\java\maven\repo\org\mongodb\mongodb-driver\3.6.3\mongodb-driver-3.6.3.jar;D:\D1\java\maven\repo\org\mongodb\bson\3.6.3\bson-3.6.3.jar;D:\D1\java\maven\repo\org\mongodb\mongodb-driver-core\3.6.3\mongodb-driver-core-3.6.3.jar;D:\D1\java\maven\repo\org\apache\httpcomponents\httpmime\4.5.5\httpmime-4.5.5.jar;D:\D1\java\maven\repo\org\jsoup\jsoup\1.9.2\jsoup-1.9.2.jar;D:\D1\java\maven\repo\com\relevantcodes\extentreports\2.41.1\extentreports-2.41.1.jar;D:\D1\java\maven\repo\org\xerial\sqlite-jdbc\3.21.0.1\sqlite-jdbc-3.21.0.1.jar;D:\D1\java\maven\repo\com\vimalselvam\testng-extentsreport\1.3.1\testng-extentsreport-1.3.1.jar;D:\D1\java\maven\repo\com\google\guava\guava\20.0\guava-20.0.jar;D:\D1\java\maven\repo\mysql\mysql-connector-java\8.0.12\mysql-connector-java-8.0.12.jar;D:\D1\java\maven\repo\com\google\protobuf\protobuf-java\2.6.0\protobuf-java-2.6.0.jar;D:\D1\java\maven\repo\org\mybatis\mybatis\3.4.4\mybatis-3.4.4.jar;D:\D1\java\maven\repo\org\projectlombok\lombok\1.16.14\lombok-1.16.14.jar;D:\D1\java\maven\repo\org\apache\httpcomponents\httpclient\4.5.2\httpclient-4.5.2.jar;D:\D1\java\maven\repo\org\apache\httpcomponents\httpcore\4.4.9\httpcore-4.4.9.jar;D:\D1\java\maven\repo\commons-codec\commons-codec\1.11\commons-codec-1.11.jar;D:\D1\java\maven\repo\org\springframework\boot\spring-boot-starter-web\2.0.0.RELEASE\spring-boot-starter-web-2.0.0.RELEASE.jar;D:\D1\java\maven\repo\org\springframework\boot\spring-boot-starter\2.0.0.RELEASE\spring-boot-starter-2.0.0.RELEASE.jar;D:\D1\java\maven\repo\org\springframework\boot\spring-boot\2.0.0.RELEASE\spring-boot-2.0.0.RELEASE.jar;D:\D1\java\maven\repo\org\springframework\boot\spring-boot-autoconfigure\2.0.0.RELEASE\spring-boot-autoconfigure-2.0.0.RELEASE.jar;D:\D1\java\maven\repo\org\springframework\boot\spring-boot-starter-logging\2.0.0.RELEASE\spring-boot-starter-logging-2.0.0.RELEASE.jar;D:\D1\java\maven\repo\ch\qos\logback\logback-classic\1.2.3\logback-classic-1.2.3.jar;D:\D1\java\maven\repo\ch\qos\logback\logback-core\1.2.3\logback-core-1.2.3.jar;D:\D1\java\maven\repo\org\apache\logging\log4j\log4j-to-slf4j\2.10.0\log4j-to-slf4j-2.10.0.jar;D:\D1\java\maven\repo\org\apache\logging\log4j\log4j-api\2.10.0\log4j-api-2.10.0.jar;D:\D1\java\maven\repo\org\slf4j\jul-to-slf4j\1.7.25\jul-to-slf4j-1.7.25.jar;D:\D1\java\maven\repo\javax\annotation\javax.annotation-api\1.3.2\javax.annotation-api-1.3.2.jar;D:\D1\java\maven\repo\org\springframework\spring-core\5.0.4.RELEASE\spring-core-5.0.4.RELEASE.jar;D:\D1\java\maven\repo\org\springframework\spring-jcl\5.0.4.RELEASE\spring-jcl-5.0.4.RELEASE.jar;D:\D1\java\maven\repo\org\yaml\snakeyaml\1.19\snakeyaml-1.19.jar;D:\D1\java\maven\repo\org\springframework\boot\spring-boot-starter-json\2.0.0.RELEASE\spring-boot-starter-json-2.0.0.RELEASE.jar;D:\D1\java\maven\repo\com\fasterxml\jackson\core\jackson-databind\2.9.4\jackson-databind-2.9.4.jar;D:\D1\java\maven\repo\com\fasterxml\jackson\core\jackson-annotations\2.9.0\jackson-annotations-2.9.0.jar;D:\D1\java\maven\repo\com\fasterxml\jackson\core\jackson-core\2.9.4\jackson-core-2.9.4.jar;D:\D1\java\maven\repo\com\fasterxml\jackson\datatype\jackson-datatype-jdk8\2.9.4\jackson-datatype-jdk8-2.9.4.jar;D:\D1\java\maven\repo\com\fasterxml\jackson\datatype\jackson-datatype-jsr310\2.9.4\jackson-datatype-jsr310-2.9.4.jar;D:\D1\java\maven\repo\com\fasterxml\jackson\module\jackson-module-parameter-names\2.9.4\jackson-module-parameter-names-2.9.4.jar;D:\D1\java\maven\repo\org\springframework\boot\spring-boot-starter-tomcat\2.0.0.RELEASE\spring-boot-starter-tomcat-2.0.0.RELEASE.jar;D:\D1\java\maven\repo\org\apache\tomcat\embed\tomcat-embed-core\8.5.28\tomcat-embed-core-8.5.28.jar;D:\D1\java\maven\repo\org\apache\tomcat\embed\tomcat-embed-el\8.5.28\tomcat-embed-el-8.5.28.jar;D:\D1\java\maven\repo\org\apache\tomcat\embed\tomcat-embed-websocket\8.5.28\tomcat-embed-websocket-8.5.28.jar;D:\D1\java\maven\repo\org\hibernate\validator\hibernate-validator\6.0.7.Final\hibernate-validator-6.0.7.Final.jar;D:\D1\java\maven\repo\javax\validation\validation-api\2.0.1.Final\validation-api-2.0.1.Final.jar;D:\D1\java\maven\repo\org\jboss\logging\jboss-logging\3.3.2.Final\jboss-logging-3.3.2.Final.jar;D:\D1\java\maven\repo\com\fasterxml\classmate\1.3.4\classmate-1.3.4.jar;D:\D1\java\maven\repo\org\springframework\spring-web\5.0.4.RELEASE\spring-web-5.0.4.RELEASE.jar;D:\D1\java\maven\repo\org\springframework\spring-beans\5.0.4.RELEASE\spring-beans-5.0.4.RELEASE.jar;D:\D1\java\maven\repo\org\springframework\spring-webmvc\5.0.4.RELEASE\spring-webmvc-5.0.4.RELEASE.jar;D:\D1\java\maven\repo\org\springframework\spring-aop\5.0.4.RELEASE\spring-aop-5.0.4.RELEASE.jar;D:\D1\java\maven\repo\org\springframework\spring-context\5.0.4.RELEASE\spring-context-5.0.4.RELEASE.jar;D:\D1\java\maven\repo\org\springframework\spring-expression\5.0.4.RELEASE\spring-expression-5.0.4.RELEASE.jar;D:\D1\java\maven\repo\org\mybatis\spring\boot\mybatis-spring-boot-starter\1.3.0\mybatis-spring-boot-starter-1.3.0.jar;D:\D1\java\maven\repo\org\springframework\boot\spring-boot-starter-jdbc\2.0.0.RELEASE\spring-boot-starter-jdbc-2.0.0.RELEASE.jar;D:\D1\java\maven\repo\com\zaxxer\HikariCP\2.7.8\HikariCP-2.7.8.jar;D:\D1\java\maven\repo\org\slf4j\slf4j-api\1.7.25\slf4j-api-1.7.25.jar;D:\D1\java\maven\repo\org\springframework\spring-jdbc\5.0.4.RELEASE\spring-jdbc-5.0.4.RELEASE.jar;D:\D1\java\maven\repo\org\springframework\spring-tx\5.0.4.RELEASE\spring-tx-5.0.4.RELEASE.jar;D:\D1\java\maven\repo\org\mybatis\spring\boot\mybatis-spring-boot-autoconfigure\1.3.0\mybatis-spring-boot-autoconfigure-1.3.0.jar;D:\D1\java\maven\repo\org\mybatis\mybatis-spring\1.3.1\mybatis-spring-1.3.1.jar;D:\D1\java\maven\repo\org\apache\maven\plugins\maven-resources-plugin\2.4.3\maven-resources-plugin-2.4.3.jar;D:\D1\java\maven\repo\org\apache\maven\maven-plugin-api\2.0.6\maven-plugin-api-2.0.6.jar;D:\D1\java\maven\repo\org\apache\maven\maven-project\2.0.6\maven-project-2.0.6.jar;D:\D1\java\maven\repo\org\apache\maven\maven-profile\2.0.6\maven-profile-2.0.6.jar;D:\D1\java\maven\repo\org\apache\maven\maven-artifact-manager\2.0.6\maven-artifact-manager-2.0.6.jar;D:\D1\java\maven\repo\org\apache\maven\maven-plugin-registry\2.0.6\maven-plugin-registry-2.0.6.jar;D:\D1\java\maven\repo\org\apache\maven\maven-core\2.0.6\maven-core-2.0.6.jar;D:\D1\java\maven\repo\org\apache\maven\wagon\wagon-file\1.0-beta-2\wagon-file-1.0-beta-2.jar;D:\D1\java\maven\repo\org\apache\maven\maven-plugin-parameter-documenter\2.0.6\maven-plugin-parameter-documenter-2.0.6.jar;D:\D1\java\maven\repo\org\apache\maven\wagon\wagon-http-lightweight\1.0-beta-2\wagon-http-lightweight-1.0-beta-2.jar;D:\D1\java\maven\repo\org\apache\maven\wagon\wagon-http-shared\1.0-beta-2\wagon-http-shared-1.0-beta-2.jar;D:\D1\java\maven\repo\jtidy\jtidy\4aug2000r7-dev\jtidy-4aug2000r7-dev.jar;D:\D1\java\maven\repo\xml-apis\xml-apis\1.4.01\xml-apis-1.4.01.jar;D:\D1\java\maven\repo\org\apache\maven\reporting\maven-reporting-api\2.0.6\maven-reporting-api-2.0.6.jar;D:\D1\java\maven\repo\org\apache\maven\doxia\doxia-sink-api\1.0-alpha-7\doxia-sink-api-1.0-alpha-7.jar;D:\D1\java\maven\repo\org\apache\maven\wagon\wagon-provider-api\1.0-beta-2\wagon-provider-api-1.0-beta-2.jar;D:\D1\java\maven\repo\org\apache\maven\maven-repository-metadata\2.0.6\maven-repository-metadata-2.0.6.jar;D:\D1\java\maven\repo\org\apache\maven\maven-error-diagnostics\2.0.6\maven-error-diagnostics-2.0.6.jar;D:\D1\java\maven\repo\commons-cli\commons-cli\1.0\commons-cli-1.0.jar;D:\D1\java\maven\repo\org\apache\maven\wagon\wagon-ssh-external\1.0-beta-2\wagon-ssh-external-1.0-beta-2.jar;D:\D1\java\maven\repo\org\apache\maven\wagon\wagon-ssh-common\1.0-beta-2\wagon-ssh-common-1.0-beta-2.jar;D:\D1\java\maven\repo\org\apache\maven\maven-plugin-descriptor\2.0.6\maven-plugin-descriptor-2.0.6.jar;D:\D1\java\maven\repo\org\codehaus\plexus\plexus-interactivity-api\1.0-alpha-4\plexus-interactivity-api-1.0-alpha-4.jar;D:\D1\java\maven\repo\org\apache\maven\wagon\wagon-ssh\1.0-beta-2\wagon-ssh-1.0-beta-2.jar;D:\D1\java\maven\repo\com\jcraft\jsch\0.1.27\jsch-0.1.27.jar;D:\D1\java\maven\repo\classworlds\classworlds\1.1\classworlds-1.1.jar;D:\D1\java\maven\repo\org\apache\maven\maven-artifact\2.0.6\maven-artifact-2.0.6.jar;D:\D1\java\maven\repo\org\apache\maven\maven-settings\2.0.6\maven-settings-2.0.6.jar;D:\D1\java\maven\repo\org\apache\maven\maven-model\2.0.6\maven-model-2.0.6.jar;D:\D1\java\maven\repo\org\apache\maven\maven-monitor\2.0.6\maven-monitor-2.0.6.jar;D:\D1\java\maven\repo\org\codehaus\plexus\plexus-container-default\1.0-alpha-9-stable-1\plexus-container-default-1.0-alpha-9-stable-1.jar;D:\D1\java\maven\repo\junit\junit\4.12\junit-4.12.jar;D:\D1\java\maven\repo\org\hamcrest\hamcrest-core\1.3\hamcrest-core-1.3.jar;D:\D1\java\maven\repo\org\codehaus\plexus\plexus-utils\2.0.5\plexus-utils-2.0.5.jar;D:\D1\java\maven\repo\org\apache\maven\shared\maven-filtering\1.0-beta-4\maven-filtering-1.0-beta-4.jar;D:\D1\java\maven\repo\org\sonatype\plexus\plexus-build-api\0.0.4\plexus-build-api-0.0.4.jar;D:\D1\java\maven\repo\org\codehaus\plexus\plexus-interpolation\1.13\plexus-interpolation-1.13.jar;"/>
    <property name="java.specification.name" value="Java Platform API Specification"/>
    <property name="java.class.version" value="52.0"/>
    <property name="sun.management.compiler" value="HotSpot 64-Bit Tiered Compilers"/>
    <property name="os.version" value="6.3"/>
    <property name="user.home" value="C:\Users\darli"/>
    <property name="user.timezone" value="Asia/Shanghai"/>
    <property name="java.awt.printerjob" value="sun.awt.windows.WPrinterJob"/>
    <property name="java.specification.version" value="1.8"/>
    <property name="file.encoding" value="GBK"/>
    <property name="user.name" value="darli"/>
    <property name="java.class.path" value="C:\Users\darli\.ssh\workspace\muke\AutoTest\Chapter12\target\test-classes;C:\Users\darli\.ssh\workspace\muke\AutoTest\Chapter12\target\classes;D:\D1\java\maven\repo\org\testng\testng\6.10\testng-6.10.jar;D:\D1\java\maven\repo\com\beust\jcommander\1.48\jcommander-1.48.jar;D:\D1\java\maven\repo\com\alibaba\fastjson\1.2.70\fastjson-1.2.70.jar;D:\D1\java\maven\repo\com\aventstack\extentreports\3.0.6\extentreports-3.0.6.jar;D:\D1\java\maven\repo\org\freemarker\freemarker\2.3.27-incubating\freemarker-2.3.27-incubating.jar;D:\D1\java\maven\repo\org\mongodb\mongodb-driver\3.6.3\mongodb-driver-3.6.3.jar;D:\D1\java\maven\repo\org\mongodb\bson\3.6.3\bson-3.6.3.jar;D:\D1\java\maven\repo\org\mongodb\mongodb-driver-core\3.6.3\mongodb-driver-core-3.6.3.jar;D:\D1\java\maven\repo\org\apache\httpcomponents\httpmime\4.5.5\httpmime-4.5.5.jar;D:\D1\java\maven\repo\org\jsoup\jsoup\1.9.2\jsoup-1.9.2.jar;D:\D1\java\maven\repo\com\relevantcodes\extentreports\2.41.1\extentreports-2.41.1.jar;D:\D1\java\maven\repo\org\xerial\sqlite-jdbc\3.21.0.1\sqlite-jdbc-3.21.0.1.jar;D:\D1\java\maven\repo\com\vimalselvam\testng-extentsreport\1.3.1\testng-extentsreport-1.3.1.jar;D:\D1\java\maven\repo\com\google\guava\guava\20.0\guava-20.0.jar;D:\D1\java\maven\repo\mysql\mysql-connector-java\8.0.12\mysql-connector-java-8.0.12.jar;D:\D1\java\maven\repo\com\google\protobuf\protobuf-java\2.6.0\protobuf-java-2.6.0.jar;D:\D1\java\maven\repo\org\mybatis\mybatis\3.4.4\mybatis-3.4.4.jar;D:\D1\java\maven\repo\org\projectlombok\lombok\1.16.14\lombok-1.16.14.jar;D:\D1\java\maven\repo\org\apache\httpcomponents\httpclient\4.5.2\httpclient-4.5.2.jar;D:\D1\java\maven\repo\org\apache\httpcomponents\httpcore\4.4.9\httpcore-4.4.9.jar;D:\D1\java\maven\repo\commons-codec\commons-codec\1.11\commons-codec-1.11.jar;D:\D1\java\maven\repo\org\springframework\boot\spring-boot-starter-web\2.0.0.RELEASE\spring-boot-starter-web-2.0.0.RELEASE.jar;D:\D1\java\maven\repo\org\springframework\boot\spring-boot-starter\2.0.0.RELEASE\spring-boot-starter-2.0.0.RELEASE.jar;D:\D1\java\maven\repo\org\springframework\boot\spring-boot\2.0.0.RELEASE\spring-boot-2.0.0.RELEASE.jar;D:\D1\java\maven\repo\org\springframework\boot\spring-boot-autoconfigure\2.0.0.RELEASE\spring-boot-autoconfigure-2.0.0.RELEASE.jar;D:\D1\java\maven\repo\org\springframework\boot\spring-boot-starter-logging\2.0.0.RELEASE\spring-boot-starter-logging-2.0.0.RELEASE.jar;D:\D1\java\maven\repo\ch\qos\logback\logback-classic\1.2.3\logback-classic-1.2.3.jar;D:\D1\java\maven\repo\ch\qos\logback\logback-core\1.2.3\logback-core-1.2.3.jar;D:\D1\java\maven\repo\org\apache\logging\log4j\log4j-to-slf4j\2.10.0\log4j-to-slf4j-2.10.0.jar;D:\D1\java\maven\repo\org\apache\logging\log4j\log4j-api\2.10.0\log4j-api-2.10.0.jar;D:\D1\java\maven\repo\org\slf4j\jul-to-slf4j\1.7.25\jul-to-slf4j-1.7.25.jar;D:\D1\java\maven\repo\javax\annotation\javax.annotation-api\1.3.2\javax.annotation-api-1.3.2.jar;D:\D1\java\maven\repo\org\springframework\spring-core\5.0.4.RELEASE\spring-core-5.0.4.RELEASE.jar;D:\D1\java\maven\repo\org\springframework\spring-jcl\5.0.4.RELEASE\spring-jcl-5.0.4.RELEASE.jar;D:\D1\java\maven\repo\org\yaml\snakeyaml\1.19\snakeyaml-1.19.jar;D:\D1\java\maven\repo\org\springframework\boot\spring-boot-starter-json\2.0.0.RELEASE\spring-boot-starter-json-2.0.0.RELEASE.jar;D:\D1\java\maven\repo\com\fasterxml\jackson\core\jackson-databind\2.9.4\jackson-databind-2.9.4.jar;D:\D1\java\maven\repo\com\fasterxml\jackson\core\jackson-annotations\2.9.0\jackson-annotations-2.9.0.jar;D:\D1\java\maven\repo\com\fasterxml\jackson\core\jackson-core\2.9.4\jackson-core-2.9.4.jar;D:\D1\java\maven\repo\com\fasterxml\jackson\datatype\jackson-datatype-jdk8\2.9.4\jackson-datatype-jdk8-2.9.4.jar;D:\D1\java\maven\repo\com\fasterxml\jackson\datatype\jackson-datatype-jsr310\2.9.4\jackson-datatype-jsr310-2.9.4.jar;D:\D1\java\maven\repo\com\fasterxml\jackson\module\jackson-module-parameter-names\2.9.4\jackson-module-parameter-names-2.9.4.jar;D:\D1\java\maven\repo\org\springframework\boot\spring-boot-starter-tomcat\2.0.0.RELEASE\spring-boot-starter-tomcat-2.0.0.RELEASE.jar;D:\D1\java\maven\repo\org\apache\tomcat\embed\tomcat-embed-core\8.5.28\tomcat-embed-core-8.5.28.jar;D:\D1\java\maven\repo\org\apache\tomcat\embed\tomcat-embed-el\8.5.28\tomcat-embed-el-8.5.28.jar;D:\D1\java\maven\repo\org\apache\tomcat\embed\tomcat-embed-websocket\8.5.28\tomcat-embed-websocket-8.5.28.jar;D:\D1\java\maven\repo\org\hibernate\validator\hibernate-validator\6.0.7.Final\hibernate-validator-6.0.7.Final.jar;D:\D1\java\maven\repo\javax\validation\validation-api\2.0.1.Final\validation-api-2.0.1.Final.jar;D:\D1\java\maven\repo\org\jboss\logging\jboss-logging\3.3.2.Final\jboss-logging-3.3.2.Final.jar;D:\D1\java\maven\repo\com\fasterxml\classmate\1.3.4\classmate-1.3.4.jar;D:\D1\java\maven\repo\org\springframework\spring-web\5.0.4.RELEASE\spring-web-5.0.4.RELEASE.jar;D:\D1\java\maven\repo\org\springframework\spring-beans\5.0.4.RELEASE\spring-beans-5.0.4.RELEASE.jar;D:\D1\java\maven\repo\org\springframework\spring-webmvc\5.0.4.RELEASE\spring-webmvc-5.0.4.RELEASE.jar;D:\D1\java\maven\repo\org\springframework\spring-aop\5.0.4.RELEASE\spring-aop-5.0.4.RELEASE.jar;D:\D1\java\maven\repo\org\springframework\spring-context\5.0.4.RELEASE\spring-context-5.0.4.RELEASE.jar;D:\D1\java\maven\repo\org\springframework\spring-expression\5.0.4.RELEASE\spring-expression-5.0.4.RELEASE.jar;D:\D1\java\maven\repo\org\mybatis\spring\boot\mybatis-spring-boot-starter\1.3.0\mybatis-spring-boot-starter-1.3.0.jar;D:\D1\java\maven\repo\org\springframework\boot\spring-boot-starter-jdbc\2.0.0.RELEASE\spring-boot-starter-jdbc-2.0.0.RELEASE.jar;D:\D1\java\maven\repo\com\zaxxer\HikariCP\2.7.8\HikariCP-2.7.8.jar;D:\D1\java\maven\repo\org\slf4j\slf4j-api\1.7.25\slf4j-api-1.7.25.jar;D:\D1\java\maven\repo\org\springframework\spring-jdbc\5.0.4.RELEASE\spring-jdbc-5.0.4.RELEASE.jar;D:\D1\java\maven\repo\org\springframework\spring-tx\5.0.4.RELEASE\spring-tx-5.0.4.RELEASE.jar;D:\D1\java\maven\repo\org\mybatis\spring\boot\mybatis-spring-boot-autoconfigure\1.3.0\mybatis-spring-boot-autoconfigure-1.3.0.jar;D:\D1\java\maven\repo\org\mybatis\mybatis-spring\1.3.1\mybatis-spring-1.3.1.jar;D:\D1\java\maven\repo\org\apache\maven\plugins\maven-resources-plugin\2.4.3\maven-resources-plugin-2.4.3.jar;D:\D1\java\maven\repo\org\apache\maven\maven-plugin-api\2.0.6\maven-plugin-api-2.0.6.jar;D:\D1\java\maven\repo\org\apache\maven\maven-project\2.0.6\maven-project-2.0.6.jar;D:\D1\java\maven\repo\org\apache\maven\maven-profile\2.0.6\maven-profile-2.0.6.jar;D:\D1\java\maven\repo\org\apache\maven\maven-artifact-manager\2.0.6\maven-artifact-manager-2.0.6.jar;D:\D1\java\maven\repo\org\apache\maven\maven-plugin-registry\2.0.6\maven-plugin-registry-2.0.6.jar;D:\D1\java\maven\repo\org\apache\maven\maven-core\2.0.6\maven-core-2.0.6.jar;D:\D1\java\maven\repo\org\apache\maven\wagon\wagon-file\1.0-beta-2\wagon-file-1.0-beta-2.jar;D:\D1\java\maven\repo\org\apache\maven\maven-plugin-parameter-documenter\2.0.6\maven-plugin-parameter-documenter-2.0.6.jar;D:\D1\java\maven\repo\org\apache\maven\wagon\wagon-http-lightweight\1.0-beta-2\wagon-http-lightweight-1.0-beta-2.jar;D:\D1\java\maven\repo\org\apache\maven\wagon\wagon-http-shared\1.0-beta-2\wagon-http-shared-1.0-beta-2.jar;D:\D1\java\maven\repo\jtidy\jtidy\4aug2000r7-dev\jtidy-4aug2000r7-dev.jar;D:\D1\java\maven\repo\xml-apis\xml-apis\1.4.01\xml-apis-1.4.01.jar;D:\D1\java\maven\repo\org\apache\maven\reporting\maven-reporting-api\2.0.6\maven-reporting-api-2.0.6.jar;D:\D1\java\maven\repo\org\apache\maven\doxia\doxia-sink-api\1.0-alpha-7\doxia-sink-api-1.0-alpha-7.jar;D:\D1\java\maven\repo\org\apache\maven\wagon\wagon-provider-api\1.0-beta-2\wagon-provider-api-1.0-beta-2.jar;D:\D1\java\maven\repo\org\apache\maven\maven-repository-metadata\2.0.6\maven-repository-metadata-2.0.6.jar;D:\D1\java\maven\repo\org\apache\maven\maven-error-diagnostics\2.0.6\maven-error-diagnostics-2.0.6.jar;D:\D1\java\maven\repo\commons-cli\commons-cli\1.0\commons-cli-1.0.jar;D:\D1\java\maven\repo\org\apache\maven\wagon\wagon-ssh-external\1.0-beta-2\wagon-ssh-external-1.0-beta-2.jar;D:\D1\java\maven\repo\org\apache\maven\wagon\wagon-ssh-common\1.0-beta-2\wagon-ssh-common-1.0-beta-2.jar;D:\D1\java\maven\repo\org\apache\maven\maven-plugin-descriptor\2.0.6\maven-plugin-descriptor-2.0.6.jar;D:\D1\java\maven\repo\org\codehaus\plexus\plexus-interactivity-api\1.0-alpha-4\plexus-interactivity-api-1.0-alpha-4.jar;D:\D1\java\maven\repo\org\apache\maven\wagon\wagon-ssh\1.0-beta-2\wagon-ssh-1.0-beta-2.jar;D:\D1\java\maven\repo\com\jcraft\jsch\0.1.27\jsch-0.1.27.jar;D:\D1\java\maven\repo\classworlds\classworlds\1.1\classworlds-1.1.jar;D:\D1\java\maven\repo\org\apache\maven\maven-artifact\2.0.6\maven-artifact-2.0.6.jar;D:\D1\java\maven\repo\org\apache\maven\maven-settings\2.0.6\maven-settings-2.0.6.jar;D:\D1\java\maven\repo\org\apache\maven\maven-model\2.0.6\maven-model-2.0.6.jar;D:\D1\java\maven\repo\org\apache\maven\maven-monitor\2.0.6\maven-monitor-2.0.6.jar;D:\D1\java\maven\repo\org\codehaus\plexus\plexus-container-default\1.0-alpha-9-stable-1\plexus-container-default-1.0-alpha-9-stable-1.jar;D:\D1\java\maven\repo\junit\junit\4.12\junit-4.12.jar;D:\D1\java\maven\repo\org\hamcrest\hamcrest-core\1.3\hamcrest-core-1.3.jar;D:\D1\java\maven\repo\org\codehaus\plexus\plexus-utils\2.0.5\plexus-utils-2.0.5.jar;D:\D1\java\maven\repo\org\apache\maven\shared\maven-filtering\1.0-beta-4\maven-filtering-1.0-beta-4.jar;D:\D1\java\maven\repo\org\sonatype\plexus\plexus-build-api\0.0.4\plexus-build-api-0.0.4.jar;D:\D1\java\maven\repo\org\codehaus\plexus\plexus-interpolation\1.13\plexus-interpolation-1.13.jar;"/>
    <property name="java.vm.specification.version" value="1.8"/>
    <property name="sun.arch.data.model" value="64"/>
    <property name="java.home" value="D:\D1\java\jdk\jdk1.8.0_45\jre"/>
    <property name="sun.java.command" value="C:\Users\darli\.ssh\workspace\muke\AutoTest\Chapter12\target\surefire\surefirebooter8195960815139100720.jar C:\Users\darli\.ssh\workspace\muke\AutoTest\Chapter12\target\surefire\surefire887088790860320676tmp C:\Users\darli\.ssh\workspace\muke\AutoTest\Chapter12\target\surefire\surefire6782271138723672534tmp"/>
    <property name="java.specification.vendor" value="Oracle Corporation"/>
    <property name="user.language" value="zh"/>
    <property name="awt.toolkit" value="sun.awt.windows.WToolkit"/>
    <property name="java.vm.info" value="mixed mode"/>
    <property name="java.version" value="1.8.0_45"/>
    <property name="java.ext.dirs" value="D:\D1\java\jdk\jdk1.8.0_45\jre\lib\ext;C:\WINDOWS\Sun\Java\lib\ext"/>
    <property name="sun.boot.class.path" value="D:\D1\java\jdk\jdk1.8.0_45\jre\lib\resources.jar;D:\D1\java\jdk\jdk1.8.0_45\jre\lib\rt.jar;D:\D1\java\jdk\jdk1.8.0_45\jre\lib\sunrsasign.jar;D:\D1\java\jdk\jdk1.8.0_45\jre\lib\jsse.jar;D:\D1\java\jdk\jdk1.8.0_45\jre\lib\jce.jar;D:\D1\java\jdk\jdk1.8.0_45\jre\lib\charsets.jar;D:\D1\java\jdk\jdk1.8.0_45\jre\lib\jfr.jar;D:\D1\java\jdk\jdk1.8.0_45\jre\classes"/>
    <property name="java.vendor" value="Oracle Corporation"/>
    <property name="localRepository" value="D:\D1\java\maven\repo"/>
    <property name="file.separator" value="\"/>
    <property name="java.vendor.url.bug" value="http://bugreport.sun.com/bugreport/"/>
    <property name="sun.cpu.endian" value="little"/>
    <property name="sun.io.unicode.encoding" value="UnicodeLittle"/>
    <property name="sun.desktop" value="windows"/>
    <property name="sun.cpu.isalist" value="amd64"/>
  </properties>
  <testcase classname="com.course.cases.LoginTest" name="loginFalse" time="2.559">
    <failure type="java.lang.NullPointerException">java.lang.NullPointerException
	at com.course.cases.LoginTest.getResult(LoginTest.java:96)
	at com.course.cases.LoginTest.loginFalse(LoginTest.java:119)
</failure>
    <system-out>@HL
@HL-------------------------------------------------------
@HL T E S T S
@HL-------------------------------------------------------
@SLRunning TestSuite
[TestNGContentHandler] [WARN] It is strongly recommended to add &quot;&lt;!DOCTYPE suite SYSTEM &quot;http://testng.org/testng-1.0.dtd&quot; &gt;&quot; at the top of your file, otherwise TestNG may fail or not work as expected.
12:53:06.143 [main] DEBUG org.apache.ibatis.logging.LogFactory - Logging initialized using &apos;class org.apache.ibatis.logging.slf4j.Slf4jImpl&apos; adapter.
12:53:06.233 [main] DEBUG org.apache.ibatis.datasource.pooled.PooledDataSource - PooledDataSource forcefully closed/removed all connections.
12:53:06.233 [main] DEBUG org.apache.ibatis.datasource.pooled.PooledDataSource - PooledDataSource forcefully closed/removed all connections.
12:53:06.233 [main] DEBUG org.apache.ibatis.datasource.pooled.PooledDataSource - PooledDataSource forcefully closed/removed all connections.
12:53:06.233 [main] DEBUG org.apache.ibatis.datasource.pooled.PooledDataSource - PooledDataSource forcefully closed/removed all connections.
12:53:06.334 [main] DEBUG org.apache.ibatis.transaction.jdbc.JdbcTransaction - Opening JDBC Connection
12:53:06.539 [main] DEBUG org.apache.ibatis.datasource.pooled.PooledDataSource - Created connection 658909832.
12:53:06.539 [main] DEBUG org.apache.ibatis.transaction.jdbc.JdbcTransaction - Setting autocommit to false on JDBC Connection [com.mysql.cj.jdbc.ConnectionImpl@27462a88]
12:53:06.542 [main] DEBUG com.course.model.loginCase - ==&gt;  Preparing: select * from login_case where id=? 
12:53:06.570 [main] DEBUG com.course.model.loginCase - ==&gt; Parameters: 2(Integer)
12:53:06.597 [main] DEBUG com.course.model.loginCase - &lt;==      Total: 1
12:53:06.601 [main] DEBUG org.apache.ibatis.transaction.jdbc.JdbcTransaction - Resetting autocommit to true on JDBC Connection [com.mysql.cj.jdbc.ConnectionImpl@27462a88]
12:53:06.601 [main] DEBUG org.apache.ibatis.transaction.jdbc.JdbcTransaction - Closing JDBC Connection [com.mysql.cj.jdbc.ConnectionImpl@27462a88]
12:53:06.601 [main] DEBUG org.apache.ibatis.datasource.pooled.PooledDataSource - Returned connection 658909832 to pool.
LoginCase(id=2, userName=lucyerror, password=123, expected=false)
http://192.168.159.1:8081/v1/login
12:53:06.601 [main] INFO com.course.cases.LoginTest - ********开始验证loginFalse api*********
12:53:06.628 [main] DEBUG org.apache.http.client.protocol.RequestAddCookies - CookieSpec selected: default
12:53:06.636 [main] DEBUG org.apache.http.client.protocol.RequestAuthCache - Auth cache not set in the context
12:53:06.640 [main] DEBUG org.apache.http.impl.conn.PoolingHttpClientConnectionManager - Connection request: [route: {}-&gt;http://192.168.159.1:8081][total kept alive: 0; route allocated: 0 of 2; total allocated: 0 of 20]
12:53:06.652 [main] DEBUG org.apache.http.impl.conn.PoolingHttpClientConnectionManager - Connection leased: [id: 0][route: {}-&gt;http://192.168.159.1:8081][total kept alive: 0; route allocated: 1 of 2; total allocated: 1 of 20]
12:53:06.652 [main] DEBUG org.apache.http.impl.execchain.MainClientExec - Opening connection {}-&gt;http://192.168.159.1:8081
12:53:06.656 [main] DEBUG org.apache.http.impl.conn.DefaultHttpClientConnectionOperator - Connecting to /192.168.159.1:8081
12:53:08.663 [main] DEBUG org.apache.http.impl.conn.DefaultManagedHttpClientConnection - http-outgoing-0: Shutdown connection
12:53:08.663 [main] DEBUG org.apache.http.impl.execchain.MainClientExec - Connection discarded
12:53:08.663 [main] DEBUG org.apache.http.impl.conn.PoolingHttpClientConnectionManager - Connection released: [id: 0][route: {}-&gt;http://192.168.159.1:8081][total kept alive: 0; route allocated: 0 of 2; total allocated: 0 of 20]
</system-out>
    <system-err>org.apache.http.conn.HttpHostConnectException: Connect to 192.168.159.1:8081 [/192.168.159.1] failed: Connection refused: connect
	at org.apache.http.impl.conn.DefaultHttpClientConnectionOperator.connect(DefaultHttpClientConnectionOperator.java:158)
	at org.apache.http.impl.conn.PoolingHttpClientConnectionManager.connect(PoolingHttpClientConnectionManager.java:353)
	at org.apache.http.impl.execchain.MainClientExec.establishRoute(MainClientExec.java:380)
	at org.apache.http.impl.execchain.MainClientExec.execute(MainClientExec.java:236)
	at org.apache.http.impl.execchain.ProtocolExec.execute(ProtocolExec.java:184)
	at org.apache.http.impl.execchain.RetryExec.execute(RetryExec.java:88)
	at org.apache.http.impl.execchain.RedirectExec.execute(RedirectExec.java:110)
	at org.apache.http.impl.client.InternalHttpClient.doExecute(InternalHttpClient.java:184)
	at org.apache.http.impl.client.CloseableHttpClient.execute(CloseableHttpClient.java:82)
	at org.apache.http.impl.client.CloseableHttpClient.execute(CloseableHttpClient.java:107)
	at com.course.cases.LoginTest.getResult(LoginTest.java:85)
	at com.course.cases.LoginTest.loginFalse(LoginTest.java:119)
	at sun.reflect.NativeMethodAccessorImpl.invoke0(Native Method)
	at sun.reflect.NativeMethodAccessorImpl.invoke(NativeMethodAccessorImpl.java:62)
	at sun.reflect.DelegatingMethodAccessorImpl.invoke(DelegatingMethodAccessorImpl.java:43)
	at java.lang.reflect.Method.invoke(Method.java:497)
	at org.testng.internal.MethodInvocationHelper.invokeMethod(MethodInvocationHelper.java:104)
	at org.testng.internal.Invoker.invokeMethod(Invoker.java:645)
	at org.testng.internal.Invoker.invokeTestMethod(Invoker.java:851)
	at org.testng.internal.Invoker.invokeTestMethods(Invoker.java:1177)
	at org.testng.internal.TestMethodWorker.invokeTestMethods(TestMethodWorker.java:129)
	at org.testng.internal.TestMethodWorker.run(TestMethodWorker.java:112)
	at org.testng.TestRunner.privateRun(TestRunner.java:756)
	at org.testng.TestRunner.run(TestRunner.java:610)
	at org.testng.SuiteRunner.runTest(SuiteRunner.java:387)
	at org.testng.SuiteRunner.runSequentially(SuiteRunner.java:382)
	at org.testng.SuiteRunner.privateRun(SuiteRunner.java:340)
	at org.testng.SuiteRunner.run(SuiteRunner.java:289)
	at org.testng.SuiteRunnerWorker.runSuite(SuiteRunnerWorker.java:52)
	at org.testng.SuiteRunnerWorker.run(SuiteRunnerWorker.java:86)
	at org.testng.TestNG.runSuitesSequentially(TestNG.java:1293)
	at org.testng.TestNG.runSuitesLocally(TestNG.java:1218)
	at org.testng.TestNG.runSuites(TestNG.java:1133)
	at org.testng.TestNG.run(TestNG.java:1104)
	at org.apache.maven.surefire.testng.TestNGExecutor.run(TestNGExecutor.java:74)
	at org.apache.maven.surefire.testng.TestNGXmlTestSuite.execute(TestNGXmlTestSuite.java:93)
	at org.apache.maven.surefire.testng.TestNGProvider.invoke(TestNGProvider.java:101)
	at sun.reflect.NativeMethodAccessorImpl.invoke0(Native Method)
	at sun.reflect.NativeMethodAccessorImpl.invoke(NativeMethodAccessorImpl.java:62)
	at sun.reflect.DelegatingMethodAccessorImpl.invoke(DelegatingMethodAccessorImpl.java:43)
	at java.lang.reflect.Method.invoke(Method.java:497)
	at org.apache.maven.surefire.booter.ProviderFactory$ClassLoaderProxy.invoke(ProviderFactory.java:103)
	at com.sun.proxy.$Proxy0.invoke(Unknown Source)
	at org.apache.maven.surefire.booter.SurefireStarter.invokeProvider(SurefireStarter.java:145)
	at org.apache.maven.surefire.booter.SurefireStarter.runSuitesInProcess(SurefireStarter.java:87)
	at org.apache.maven.surefire.booter.ForkedBooter.main(ForkedBooter.java:69)
Caused by: java.net.ConnectException: Connection refused: connect
	at java.net.DualStackPlainSocketImpl.connect0(Native Method)
	at java.net.DualStackPlainSocketImpl.socketConnect(DualStackPlainSocketImpl.java:79)
	at java.net.AbstractPlainSocketImpl.doConnect(AbstractPlainSocketImpl.java:345)
	at java.net.AbstractPlainSocketImpl.connectToAddress(AbstractPlainSocketImpl.java:206)
	at java.net.AbstractPlainSocketImpl.connect(AbstractPlainSocketImpl.java:188)
	at java.net.PlainSocketImpl.connect(PlainSocketImpl.java:172)
	at java.net.SocksSocketImpl.connect(SocksSocketImpl.java:392)
	at java.net.Socket.connect(Socket.java:589)
	at org.apache.http.conn.socket.PlainConnectionSocketFactory.connectSocket(PlainConnectionSocketFactory.java:74)
	at org.apache.http.impl.conn.DefaultHttpClientConnectionOperator.connect(DefaultHttpClientConnectionOperator.java:141)
	... 45 more
</system-err>
  </testcase>
  <testcase classname="com.course.cases.LoginTest" name="loginTrue" time="2.017">
    <failure type="java.lang.NullPointerException">java.lang.NullPointerException
	at com.course.cases.LoginTest.getResult(LoginTest.java:96)
	at com.course.cases.LoginTest.loginTrue(LoginTest.java:57)
</failure>
    <system-out>12:53:08.667 [main] DEBUG org.apache.ibatis.transaction.jdbc.JdbcTransaction - Opening JDBC Connection
12:53:08.667 [main] DEBUG org.apache.ibatis.datasource.pooled.PooledDataSource - Checked out connection 658909832 from pool.
12:53:08.667 [main] DEBUG org.apache.ibatis.transaction.jdbc.JdbcTransaction - Setting autocommit to false on JDBC Connection [com.mysql.cj.jdbc.ConnectionImpl@27462a88]
12:53:08.671 [main] DEBUG com.course.model.loginCase - ==&gt;  Preparing: select * from login_case where id=? 
12:53:08.671 [main] DEBUG com.course.model.loginCase - ==&gt; Parameters: 1(Integer)
12:53:08.671 [main] DEBUG com.course.model.loginCase - &lt;==      Total: 1
LoginCase(id=1, userName=tt, password=123, expected=true)
http://192.168.159.1:8081/v1/login
12:53:08.671 [main] INFO com.course.cases.LoginTest - ********开始验证loginTrue api*********
12:53:08.675 [main] DEBUG org.apache.http.client.protocol.RequestAddCookies - CookieSpec selected: default
12:53:08.675 [main] DEBUG org.apache.http.client.protocol.RequestAuthCache - Auth cache not set in the context
12:53:08.675 [main] DEBUG org.apache.http.impl.conn.PoolingHttpClientConnectionManager - Connection request: [route: {}-&gt;http://192.168.159.1:8081][total kept alive: 0; route allocated: 0 of 2; total allocated: 0 of 20]
12:53:08.675 [main] DEBUG org.apache.http.impl.conn.PoolingHttpClientConnectionManager - Connection leased: [id: 1][route: {}-&gt;http://192.168.159.1:8081][total kept alive: 0; route allocated: 1 of 2; total allocated: 1 of 20]
12:53:08.675 [main] DEBUG org.apache.http.impl.execchain.MainClientExec - Opening connection {}-&gt;http://192.168.159.1:8081
12:53:08.675 [main] DEBUG org.apache.http.impl.conn.DefaultHttpClientConnectionOperator - Connecting to /192.168.159.1:8081
12:53:10.684 [main] DEBUG org.apache.http.impl.conn.DefaultManagedHttpClientConnection - http-outgoing-1: Shutdown connection
12:53:10.684 [main] DEBUG org.apache.http.impl.execchain.MainClientExec - Connection discarded
12:53:10.684 [main] DEBUG org.apache.http.impl.conn.PoolingHttpClientConnectionManager - Connection released: [id: 1][route: {}-&gt;http://192.168.159.1:8081][total kept alive: 0; route allocated: 0 of 2; total allocated: 0 of 20]
</system-out>
    <system-err>org.apache.http.conn.HttpHostConnectException: Connect to 192.168.159.1:8081 [/192.168.159.1] failed: Connection refused: connect
	at org.apache.http.impl.conn.DefaultHttpClientConnectionOperator.connect(DefaultHttpClientConnectionOperator.java:158)
	at org.apache.http.impl.conn.PoolingHttpClientConnectionManager.connect(PoolingHttpClientConnectionManager.java:353)
	at org.apache.http.impl.execchain.MainClientExec.establishRoute(MainClientExec.java:380)
	at org.apache.http.impl.execchain.MainClientExec.execute(MainClientExec.java:236)
	at org.apache.http.impl.execchain.ProtocolExec.execute(ProtocolExec.java:184)
	at org.apache.http.impl.execchain.RetryExec.execute(RetryExec.java:88)
	at org.apache.http.impl.execchain.RedirectExec.execute(RedirectExec.java:110)
	at org.apache.http.impl.client.InternalHttpClient.doExecute(InternalHttpClient.java:184)
	at org.apache.http.impl.client.CloseableHttpClient.execute(CloseableHttpClient.java:82)
	at org.apache.http.impl.client.CloseableHttpClient.execute(CloseableHttpClient.java:107)
	at com.course.cases.LoginTest.getResult(LoginTest.java:85)
	at com.course.cases.LoginTest.loginTrue(LoginTest.java:57)
	at sun.reflect.NativeMethodAccessorImpl.invoke0(Native Method)
	at sun.reflect.NativeMethodAccessorImpl.invoke(NativeMethodAccessorImpl.java:62)
	at sun.reflect.DelegatingMethodAccessorImpl.invoke(DelegatingMethodAccessorImpl.java:43)
	at java.lang.reflect.Method.invoke(Method.java:497)
	at org.testng.internal.MethodInvocationHelper.invokeMethod(MethodInvocationHelper.java:104)
	at org.testng.internal.Invoker.invokeMethod(Invoker.java:645)
	at org.testng.internal.Invoker.invokeTestMethod(Invoker.java:851)
	at org.testng.internal.Invoker.invokeTestMethods(Invoker.java:1177)
	at org.testng.internal.TestMethodWorker.invokeTestMethods(TestMethodWorker.java:129)
	at org.testng.internal.TestMethodWorker.run(TestMethodWorker.java:112)
	at org.testng.TestRunner.privateRun(TestRunner.java:756)
	at org.testng.TestRunner.run(TestRunner.java:610)
	at org.testng.SuiteRunner.runTest(SuiteRunner.java:387)
	at org.testng.SuiteRunner.runSequentially(SuiteRunner.java:382)
	at org.testng.SuiteRunner.privateRun(SuiteRunner.java:340)
	at org.testng.SuiteRunner.run(SuiteRunner.java:289)
	at org.testng.SuiteRunnerWorker.runSuite(SuiteRunnerWorker.java:52)
	at org.testng.SuiteRunnerWorker.run(SuiteRunnerWorker.java:86)
	at org.testng.TestNG.runSuitesSequentially(TestNG.java:1293)
	at org.testng.TestNG.runSuitesLocally(TestNG.java:1218)
	at org.testng.TestNG.runSuites(TestNG.java:1133)
	at org.testng.TestNG.run(TestNG.java:1104)
	at org.apache.maven.surefire.testng.TestNGExecutor.run(TestNGExecutor.java:74)
	at org.apache.maven.surefire.testng.TestNGXmlTestSuite.execute(TestNGXmlTestSuite.java:93)
	at org.apache.maven.surefire.testng.TestNGProvider.invoke(TestNGProvider.java:101)
	at sun.reflect.NativeMethodAccessorImpl.invoke0(Native Method)
	at sun.reflect.NativeMethodAccessorImpl.invoke(NativeMethodAccessorImpl.java:62)
	at sun.reflect.DelegatingMethodAccessorImpl.invoke(DelegatingMethodAccessorImpl.java:43)
	at java.lang.reflect.Method.invoke(Method.java:497)
	at org.apache.maven.surefire.booter.ProviderFactory$ClassLoaderProxy.invoke(ProviderFactory.java:103)
	at com.sun.proxy.$Proxy0.invoke(Unknown Source)
	at org.apache.maven.surefire.booter.SurefireStarter.invokeProvider(SurefireStarter.java:145)
	at org.apache.maven.surefire.booter.SurefireStarter.runSuitesInProcess(SurefireStarter.java:87)
	at org.apache.maven.surefire.booter.ForkedBooter.main(ForkedBooter.java:69)
Caused by: java.net.ConnectException: Connection refused: connect
	at java.net.DualStackPlainSocketImpl.connect0(Native Method)
	at java.net.DualStackPlainSocketImpl.socketConnect(DualStackPlainSocketImpl.java:79)
	at java.net.AbstractPlainSocketImpl.doConnect(AbstractPlainSocketImpl.java:345)
	at java.net.AbstractPlainSocketImpl.connectToAddress(AbstractPlainSocketImpl.java:206)
	at java.net.AbstractPlainSocketImpl.connect(AbstractPlainSocketImpl.java:188)
	at java.net.PlainSocketImpl.connect(PlainSocketImpl.java:172)
	at java.net.SocksSocketImpl.connect(SocksSocketImpl.java:392)
	at java.net.Socket.connect(Socket.java:589)
	at org.apache.http.conn.socket.PlainConnectionSocketFactory.connectSocket(PlainConnectionSocketFactory.java:74)
	at org.apache.http.impl.conn.DefaultHttpClientConnectionOperator.connect(DefaultHttpClientConnectionOperator.java:141)
	... 45 more
</system-err>
  </testcase>
  <testcase classname="com.course.cases.AddUserTest" name="addUser" time="2.017">
    <skipped/>
  </testcase>
  <testcase classname="com.course.cases.GetUserInfoTest" name="getUserInfo" time="2.017">
    <skipped/>
  </testcase>
  <testcase classname="com.course.cases.GetUserListTest" name="getUserList" time="2.017">
    <skipped/>
  </testcase>
  <testcase classname="com.course.cases.UpdateUserInfoTest" name="updateUserInfo" time="2.017">
    <skipped/>
  </testcase>
  <testcase classname="com.course.cases.UpdateUserInfoTest" name="deleteUserInfo" time="2.017">
    <skipped/>
  </testcase>
</testsuite>