<?xml version="1.0" encoding="UTF-8"?>
<!-- Generated by org.testng.reporters.JUnitReportReporter -->
<testsuite name="com.course.cases.LoginTest" tests="2" time="0.859" ignored="0" failures="0" timestamp="11 六月 2021 12:56:55 GMT" skipped="0" hostname="LAPTOP-LMMPH4VI" errors="0">
  <testcase name="loginTrue" time="0.842" classname="com.course.cases.LoginTest"/>
  <testcase name="loginFalse" time="0.017" classname="com.course.cases.LoginTest"/>
</testsuite> <!-- com.course.cases.LoginTest -->
